2016-08-14 04:06:54.854000 #swagchat @NATHSTERS#9113: !channellogger
2016-08-14 04:06:55.128000 #swagchat @RadioKappa#8541: Logging enabled for #swagchat
2016-08-14 04:11:45.912000 #swagchat @mcole41#8188: !payday
2016-08-14 04:12:18.264000 #swagchat @Flames#4099: usa leading by 19 medals woah
2016-08-14 04:14:49.600000 #swagchat @NATHSTERS#9113: WutFace
2016-08-14 04:14:50.689000 #swagchat @NATHSTERS#9113: VAC
2016-08-14 04:19:30.444000 #swagchat @Ricotusuave_#0693: can you not @ me please
2016-08-14 04:19:37.491000 #swagchat @Flames#4099: @Hardwell OnAir™ \U0001f32e
2016-08-14 04:20:00.539000 #swagchat @Ricotusuave_#0693: Have you blocked LUUL
2016-08-14 04:20:03.271000 #swagchat @NATHSTERS#9113: @Hardwell OnAir™ \U0001f32e
2016-08-14 04:20:06.078000 #swagchat @Flames#4099: rip
2016-08-14 04:20:15.252000 #swagchat @imgpw#0148: @Hardwell OnAir™ \U0001f32e
2016-08-14 04:20:18.801000 #swagchat @NATHSTERS#9113: you can't block us rico FeelsBadMan
2016-08-14 04:20:23.927000 #swagchat @Ricotusuave_#0693: Suppress LUUL
2016-08-14 04:20:24.258000 #swagchat @NATHSTERS#9113: you love us too much
2016-08-14 04:20:33.682000 #swagchat @Ricotusuave_#0693: You cool Nathswell
2016-08-14 04:20:36.865000 #swagchat @NATHSTERS#9113: wew
2016-08-14 04:20:44.918000 #swagchat @NATHSTERS#9113: I want my stuff back on rust
2016-08-14 04:20:50.624000 #swagchat @NATHSTERS#9113: Give me my cooked pork
2016-08-14 04:20:53.094000 #swagchat @NATHSTERS#9113: <:kayyE:189003004823863296>
2016-08-14 04:21:10.195000 #swagchat @Ricotusuave_#0693: duckCreep
2016-08-14 04:21:19.444000 #swagchat @Ricotusuave_#0693: i ate it duckCreep
2016-08-14 04:21:26.316000 #swagchat @NATHSTERS#9113: typical
2016-08-14 04:21:30.782000 #swagchat @Ricotusuave_#0693: actually I lost it when you kept killing me
2016-08-14 04:21:34.889000 #swagchat @NATHSTERS#9113: LUUL
2016-08-14 04:22:22.131000 #swagchat @Ricotusuave_#0693: Man don't know what movie to download FeelsBadMan bring back Kattorrents FeelsBadMan
2016-08-14 04:22:44.025000 #swagchat @NATHSTERS#9113: kickass reck7
2016-08-14 04:22:53.809000 #swagchat @NATHSTERS#9113: you were a good torrent site reck7
2016-08-14 04:23:08.036000 #swagchat @Ricotusuave_#0693: FeelsGoodMan https://dx-torrent.com/movies/
2016-08-14 04:23:08.036000 #swagchat @Ricotusuave_#0693: FeelsGoodMan https://dx-torrent.com/movies/
2016-08-14 04:24:01.134000 #swagchat @Flames#4099: torrenting movies in 2016 LUUL
2016-08-14 04:24:20.263000 #swagchat @NATHSTERS#9113: well what else are you going to do?
2016-08-14 04:24:23.977000 #swagchat @NATHSTERS#9113: buy them? LUUL
2016-08-14 04:24:24.286000 #swagchat @Flames#4099: putlocker
2016-08-14 04:24:24.869000 #swagchat @Ricotusuave_#0693: Not being a pirate in 2016 LUUL
2016-08-14 04:24:33.428000 #swagchat @NATHSTERS#9113: fuck that noise
2016-08-14 04:24:37.911000 #swagchat @NATHSTERS#9113: they don't have everything
2016-08-14 04:24:40.749000 #swagchat @Ricotusuave_#0693: putlocker is shit
2016-08-14 04:24:41.048000 #swagchat @NATHSTERS#9113: plus higher quality
2016-08-14 04:24:43.828000 #swagchat @Flames#4099: they really do
2016-08-14 04:24:49.517000 #swagchat @Flames#4099: quality aint that bad
2016-08-14 04:24:56.021000 #swagchat @NATHSTERS#9113: but not great either
2016-08-14 04:25:19.015000 #swagchat @Flames#4099: and you dont risk getting viruses and shit cause you streaming not downloading
2016-08-14 04:25:27.325000 #swagchat @NATHSTERS#9113: well
2016-08-14 04:25:31.179000 #swagchat @NATHSTERS#9113: don't go to shitty places
2016-08-14 04:25:32.169000 #swagchat @Flames#4099: quality is good enought for me
2016-08-14 04:25:34.501000 #swagchat @NATHSTERS#9113: use adblock
2016-08-14 04:25:38.855000 #swagchat @NATHSTERS#9113: privacy badger
2016-08-14 04:25:41.146000 #swagchat @Flames#4099: enough*
2016-08-14 04:25:41.575000 #swagchat @NATHSTERS#9113: and you're set
2016-08-14 04:25:46.640000 #swagchat @Ricotusuave_#0693: I got a trojan by just clicking on a Disney movie
2016-08-14 04:25:48.963000 #swagchat @NATHSTERS#9113: don't be stupid pretty much
2016-08-14 04:25:50.630000 #swagchat @Flames#4099: LOL
2016-08-14 04:26:08.941000 #swagchat @NATHSTERS#9113: SourPls
2016-08-14 04:26:53.140000 #swagchat @Flames#4099: http://putlocker.is/watch-game-of-thrones-tvshow-online-free-putlocker.html FeelsGoodMan
2016-08-14 04:26:53.140000 #swagchat @Flames#4099: http://putlocker.is/watch-game-of-thrones-tvshow-online-free-putlocker.html FeelsGoodMan
2016-08-14 04:26:55.966000 #swagchat @SiD3_WiND3R#2127: SourPld
2016-08-14 04:26:55.966000 #swagchat @SiD3_WiND3R#2127: EDIT: 
Before: SourPld
After: SourPls
2016-08-14 04:27:13.902000 #swagchat @NATHSTERS#9113: *hodor, hodor, hodor, hodor*
2016-08-14 04:27:21.500000 #swagchat @NATHSTERS#9113: what season are you on flames
2016-08-14 04:27:24.501000 #swagchat @Flames#4099: 3
2016-08-14 04:27:29.194000 #swagchat @NATHSTERS#9113: stiiiiill?
2016-08-14 04:27:33.430000 #swagchat @Flames#4099: ye
2016-08-14 04:27:37.078000 #swagchat @Ricotusuave_#0693: when gifs aren't coordinated anymore SMOrc
2016-08-14 04:27:46.665000 #swagchat @NATHSTERS#9113: i had that a while ago too
2016-08-14 04:27:57.118000 #swagchat @NATHSTERS#9113: two SourPls s going at different times
2016-08-14 04:28:11.418000 #swagchat @Ricotusuave_#0693: RareHarambe
2016-08-14 04:28:16.438000 #swagchat @Ricotusuave_#0693: FeelsBadMan
2016-08-14 04:28:32.895000 #swagchat @Flames#4099: been a few days since ive watched it
2016-08-14 04:28:50.423000 #swagchat @Flames#4099: gona watch an ep and fall asleep
2016-08-14 04:28:51.765000 #swagchat @Flames#4099: night
2016-08-14 04:28:58.548000 #swagchat @NATHSTERS#9113: sleep good flames <:lirikH:164584756858585089>
2016-08-14 04:29:05.186000 #swagchat @Flames#4099: dont tell me what to do
2016-08-14 04:29:11.725000 #swagchat @NATHSTERS#9113: ok go die in a hole
2016-08-14 04:29:15.255000 #swagchat @Flames#4099: thanks
2016-08-14 04:29:18.245000 #swagchat @NATHSTERS#9113: anytime
2016-08-14 04:29:45.280000 #swagchat @Flames#4099: https://www.youtube.com/watch?v=6PKfMxcw6YU
2016-08-14 04:29:45.280000 #swagchat @Flames#4099: https://www.youtube.com/watch?v=6PKfMxcw6YU
2016-08-14 04:29:54.274000 #swagchat @NATHSTERS#9113: isn't that video great?
2016-08-14 04:30:06.828000 #swagchat @NATHSTERS#9113: THIS STUPID FUCKING BITCH
2016-08-14 04:30:14.964000 #swagchat @NATHSTERS#9113: ALEX
2016-08-14 04:30:29.330000 #swagchat @Ricotusuave_#0693: Did he really say that?
2016-08-14 04:30:29.795000 #swagchat @Flames#4099: OMFG
2016-08-14 04:30:30.922000 #swagchat @Flames#4099: https://www.youtube.com/watch?v=lgsCF49iJvU
2016-08-14 04:30:36.050000 #swagchat @Flames#4099: DYING
2016-08-14 04:30:50.574000 #swagchat @NATHSTERS#9113: LOL
2016-08-14 04:31:06.422000 #swagchat @NATHSTERS#9113: yeah he said it rico
2016-08-14 04:31:16.900000 #swagchat @NATHSTERS#9113: just look up alex is a stupid n
2016-08-14 04:31:22.175000 #swagchat @NATHSTERS#9113: and the video will come up
2016-08-14 04:31:24.810000 #swagchat @NATHSTERS#9113: it's a meme
2016-08-14 04:31:49.255000 #swagchat @NATHSTERS#9113: the ear rape at the end NotLikeThis
2016-08-14 04:32:13.271000 #swagchat @NATHSTERS#9113: http://i.imgur.com/dtAn3Wp.png LOL
2016-08-14 04:32:13.271000 #swagchat @NATHSTERS#9113: http://i.imgur.com/dtAn3Wp.png LOL
2016-08-14 04:32:14.169000 #swagchat @Flames#4099: https://www.youtube.com/watch?v=EJBdte5siY8
2016-08-14 04:32:14.169000 #swagchat @Flames#4099: https://www.youtube.com/watch?v=EJBdte5siY8
2016-08-14 04:32:20.771000 #swagchat @NATHSTERS#9113: BREXIT
2016-08-14 04:32:35.835000 #swagchat @Ricotusuave_#0693: When you weren't a memer before twitch FeelsBadMan
2016-08-14 04:33:07.065000 #swagchat @NATHSTERS#9113: People have too much time on their hands LUUL
2016-08-14 04:33:53.185000 #swagchat @mcole41#8188: Lol
2016-08-14 04:34:05.541000 #swagchat @Flames#4099: https://www.youtube.com/watch?v=TGC8RatbD4s HAHAHAHAHAHAHAHAHAHAHAHAHAHAHAHAHA
2016-08-14 04:34:05.541000 #swagchat @Flames#4099: https://www.youtube.com/watch?v=TGC8RatbD4s HAHAHAHAHAHAHAHAHAHAHAHAHAHAHAHAHA
2016-08-14 04:34:09.043000 #swagchat @Flames#4099: LOOOOOOOOOOOOOOOOOOOOOL
2016-08-14 04:33:53.185000 #swagchat @mcole41#8188: EDIT: 
Before: Lol
After: LUUL
2016-08-14 04:34:11.157000 #swagchat @Ricotusuave_#0693: They really do
2016-08-14 04:34:14.151000 #swagchat @mcole41#8188: LUUL
2016-08-14 04:34:15.302000 #swagchat @NATHSTERS#9113: LOOOOOOOL
2016-08-14 04:34:18.657000 #swagchat @mcole41#8188: LOLOLOLOLOLOL
2016-08-14 04:34:26.227000 #swagchat @Flames#4099: HEHEHEHEHEHEHE
2016-08-14 04:34:30.842000 #swagchat @mcole41#8188: TROLOLOLOLOLOLOLOL
2016-08-14 04:34:31.543000 #swagchat @NATHSTERS#9113: jesus
2016-08-14 04:34:35.090000 #swagchat @NATHSTERS#9113: the laugh
2016-08-14 04:35:19.667000 #swagchat @Ricotusuave_#0693: 
2016-08-14 04:35:35.010000 #swagchat @Ricotusuave_#0693: Did she stream today? Kappa
2016-08-14 04:35:46.847000 #swagchat @Flames#4099: https://www.youtube.com/watch?v=K6oTKfTGD4Q
2016-08-14 04:36:06.921000 #swagchat @mcole41#8188: Obviously Did you not get the notification? Kappa
2016-08-14 04:36:14.765000 #swagchat @NATHSTERS#9113: GOOD EVENING
2016-08-14 04:36:19.787000 #swagchat @NATHSTERS#9113: GOOD TWITTER
2016-08-14 04:36:31.331000 #swagchat @Ricotusuave_#0693: i unsubbed and unfollowed Kappa
2016-08-14 04:36:53.458000 #swagchat @mcole41#8188: 
2016-08-14 04:36:59.748000 #swagchat @mcole41#8188: Kay when you unfollow ^
2016-08-14 04:37:01.576000 #swagchat @NATHSTERS#9113: LOL
2016-08-14 04:37:13.834000 #swagchat @NATHSTERS#9113: when mitch walks into  the room when reckful is streaming
2016-08-14 04:37:21.399000 #swagchat @NATHSTERS#9113: they spammed anti-leach spam KKona
2016-08-14 04:36:59.748000 #swagchat @mcole41#8188: EDIT: 
Before: Kay when you unfollow ^
After: Kay when you unsub ^
2016-08-14 04:37:32.523000 #swagchat @mcole41#8188: PassTheBleach
2016-08-14 04:37:37.394000 #swagchat @NATHSTERS#9113: drink up
2016-08-14 04:37:46.393000 #swagchat @mcole41#8188: 
2016-08-14 04:37:49.744000 #swagchat @mcole41#8188: Got it
2016-08-14 04:38:11.030000 #swagchat @mcole41#8188: Who honestly did that
2016-08-14 04:38:28.290000 #swagchat @NATHSTERS#9113: ?
2016-08-14 04:38:36.517000 #swagchat @mcole41#8188: The giant ranch bottle
2016-08-14 04:38:45.668000 #swagchat @NATHSTERS#9113: idk
2016-08-14 04:38:47.171000 #swagchat @SiD3_WiND3R#2127: Who knows
2016-08-14 04:38:50.775000 #swagchat @NATHSTERS#9113: some fuccbois
2016-08-14 04:38:55.007000 #swagchat @SiD3_WiND3R#2127: ^
2016-08-14 04:38:58.326000 #swagchat @mcole41#8188: ^
2016-08-14 04:39:01.647000 #swagchat @NATHSTERS#9113: v
2016-08-14 04:39:05.402000 #swagchat @SiD3_WiND3R#2127: >
2016-08-14 04:39:11.299000 #swagchat @mcole41#8188: <
2016-08-14 04:39:38.588000 #swagchat @SiD3_WiND3R#2127: EthanTriggered
2016-08-14 04:39:39.024000 #swagchat @NATHSTERS#9113: \u3010\u25c8\ufe3f\u25c8\u3011
2016-08-14 04:39:47.081000 #swagchat @SiD3_WiND3R#2127: Nathan is that a bttv emote
2016-08-14 04:39:53.579000 #swagchat @SiD3_WiND3R#2127: What I typed
2016-08-14 04:39:56.711000 #swagchat @mcole41#8188: 2+2 = <><
2016-08-14 04:40:06.827000 #swagchat @NATHSTERS#9113: yeah
2016-08-14 04:40:14.567000 #swagchat @SiD3_WiND3R#2127: Lol I remembered
2016-08-14 04:40:16.893000 #swagchat @NATHSTERS#9113: http://i.imgur.com/uibhUKS.png
2016-08-14 04:40:16.893000 #swagchat @NATHSTERS#9113: http://i.imgur.com/uibhUKS.png
2016-08-14 04:40:24.618000 #swagchat @SiD3_WiND3R#2127: I love that one LUUL
2016-08-14 04:40:28.558000 #swagchat @mcole41#8188: \U0001f631
2016-08-14 04:40:33.646000 #swagchat @NATHSTERS#9113: lol
2016-08-14 04:41:16.200000 #swagchat @Ricotusuave_#0693: =\u3010\u25c8\ufe3f\u25c8\u3011=
2016-08-14 04:41:36.125000 #swagchat @mcole41#8188: 
2016-08-14 04:41:41.044000 #swagchat @NATHSTERS#9113: that's the one side bbqK
2016-08-14 04:41:58.620000 #swagchat @Ricotusuave_#0693: Pixels was an okay movie
2016-08-14 04:42:05.910000 #swagchat @mcole41#8188: I liked it
2016-08-14 04:42:07.516000 #swagchat @NATHSTERS#9113: pixels made me want to die
2016-08-14 04:42:11.976000 #swagchat @mcole41#8188: Why
2016-08-14 04:42:22.996000 #swagchat @NATHSTERS#9113: 1
2016-08-14 04:42:25.352000 #swagchat @mcole41#8188: Die die or die laughing
2016-08-14 04:42:26.476000 #swagchat @NATHSTERS#9113: adam sandler
2016-08-14 04:42:34.760000 #swagchat @NATHSTERS#9113: 2 it just wasn't good
2016-08-14 04:42:47.826000 #swagchat @mcole41#8188: I honestly thought it was good
2016-08-14 04:42:54.721000 #swagchat @mcole41#8188: Old video games
2016-08-14 04:42:58.317000 #swagchat @Ricotusuave_#0693: Hey don't disrespek Happy Gilrmore
2016-08-14 04:43:03.797000 #swagchat @NATHSTERS#9113: lol
2016-08-14 04:43:08.423000 #swagchat @mcole41#8188: Lol
2016-08-14 04:43:44.357000 #swagchat @mcole41#8188: Who like chicken?
2016-08-14 04:43:44.357000 #swagchat @mcole41#8188: EDIT: 
Before: Who like chicken?
After: Who loves chicken?
2016-08-14 04:44:02.739000 #swagchat @NATHSTERS#9113: TriHard ?
2016-08-14 04:44:15.908000 #swagchat @NATHSTERS#9113: I like spicy chicken
2016-08-14 04:44:21.403000 #swagchat @mcole41#8188: \U0001f603
2016-08-14 04:44:25.274000 #swagchat @NATHSTERS#9113: or chicken curry
2016-08-14 04:44:26.856000 #swagchat @NATHSTERS#9113: mmmmm
2016-08-14 04:44:35.619000 #swagchat @mcole41#8188: Or Chick-Fl-A
2016-08-14 04:44:41.472000 #swagchat @NATHSTERS#9113: that's good too
2016-08-14 04:44:41.574000 #swagchat @mcole41#8188: \U0001f60e
2016-08-14 04:44:51.514000 #swagchat @mcole41#8188: Or BBQ Chicken
2016-08-14 04:44:55.567000 #swagchat @mcole41#8188: Mmmmmm
2016-08-14 04:45:14.345000 #swagchat @mcole41#8188: I love Ribs especially when they fall off the bone
2016-08-14 04:46:09.102000 #swagchat @mcole41#8188: Whats your favorite food¿
2016-08-14 04:46:34.890000 #swagchat @NATHSTERS#9113: idk
2016-08-14 04:46:38.120000 #swagchat @NATHSTERS#9113: just
2016-08-14 04:46:40.849000 #swagchat @NATHSTERS#9113: good shit
2016-08-14 04:47:09.203000 #swagchat @mcole41#8188: Good enough answer for me
2016-08-14 04:47:25.526000 #swagchat @DeezWords#4195: dude fucking ribs with saratoga chips FapFapFap
2016-08-14 04:47:33.400000 #swagchat @mcole41#8188: OOOOO
2016-08-14 04:47:35.621000 #swagchat @DeezWords#4195: chicken alfredo is king though
2016-08-14 04:47:38.455000 #swagchat @NATHSTERS#9113: that's sounds so good  rn
2016-08-14 04:47:40.045000 #swagchat @mcole41#8188: Mouth watering
2016-08-14 04:47:57.008000 #swagchat @NATHSTERS#9113: can't remember the last time i had ribs
2016-08-14 04:48:08.160000 #swagchat @mcole41#8188: For me last summer :/
2016-08-14 04:48:16.538000 #swagchat @mcole41#8188: Too long
2016-08-14 04:48:27.309000 #swagchat @DeezWords#4195: mines been like 4 years #poorlife FeelsBadMan
2016-08-14 04:48:43.481000 #swagchat @NATHSTERS#9113: dyl I'll send you some in the mail FeelsGoodMan
2016-08-14 04:48:52.177000 #swagchat @mcole41#8188: Me too!
2016-08-14 04:48:54.369000 #swagchat @mcole41#8188: \U0001f603
2016-08-14 04:48:57.257000 #swagchat @NATHSTERS#9113: lmao
2016-08-14 04:49:19.719000 #swagchat @NATHSTERS#9113: i need to learn how to make curry
2016-08-14 04:49:24.900000 #swagchat @NATHSTERS#9113: as often as I eat it
2016-08-14 04:49:38.046000 #swagchat @DeezWords#4195: Kreygasm
2016-08-14 04:49:42.885000 #swagchat @DeezWords#4195: curry is easy dawg
2016-08-14 04:49:53.007000 #swagchat @Flames#4099: Hordor hordor
2016-08-14 04:49:57.422000 #swagchat @DeezWords#4195: like making fried chicken and gravy but you just cook it in butter
2016-08-14 04:50:18.840000 #swagchat @NATHSTERS#9113: ooo
2016-08-14 04:50:39.414000 #swagchat @Ricotusuave_#0693: chicken tacos TriHard
2016-08-14 04:51:16.669000 #swagchat @DeezWords#4195: I'm rehydrating pinto beans for tomorrow man
2016-08-14 04:51:26.361000 #swagchat @DeezWords#4195: going to make so much refried beans Kreygasm
2016-08-14 04:52:22.957000 #swagchat @NATHSTERS#9113: mmmmm
2016-08-14 04:53:21.588000 #swagchat @mcole41#8188: Ayyyee! My favorite tennis play guaranteed at least a Silver Medal!
2016-08-14 04:53:21.588000 #swagchat @mcole41#8188: EDIT: 
Before: Ayyyee! My favorite tennis play guaranteed at least a Silver Medal!
After: Ayyyee! My favorite tennis player guaranteed at least a Silver Medal!
2016-08-14 04:54:30.349000 #swagchat @NATHSTERS#9113: that's good \U0001f604
2016-08-14 04:54:43.993000 #swagchat @mcole41#8188: Yeah he just won the Wimbledon title last month too
2016-08-14 04:54:49.314000 #swagchat @mcole41#8188: xD
2016-08-14 04:58:34.639000 #swagchat @mcole41#8188: Was that a quake?
2016-08-14 04:58:39.065000 #swagchat @mcole41#8188: O_o
2016-08-14 04:59:22.417000 #swagchat @NATHSTERS#9113: http://earthquake.usgs.gov/earthquakes/map/
2016-08-14 04:59:22.417000 #swagchat @NATHSTERS#9113: http://earthquake.usgs.gov/earthquakes/map/
2016-08-14 04:59:24.276000 #swagchat @NATHSTERS#9113: ¯\_(\u30c4)_/¯
2016-08-14 04:59:29.159000 #swagchat @DeezWords#4195: porbably just my thumpin bass KaRappa
2016-08-14 04:59:56.971000 #swagchat @mcole41#8188: ^
2016-08-14 05:00:01.325000 #swagchat @mcole41#8188: yeah probably tbh
2016-08-14 05:00:15.416000 #swagchat @mcole41#8188: We had lots of quakes last yr . Lots of 3.0
2016-08-14 05:00:26.445000 #swagchat @mcole41#8188: Highest quake was a 3.6
2016-08-14 05:00:44.184000 #swagchat @NATHSTERS#9113: where are you at?
2016-08-14 05:00:46.604000 #swagchat @mcole41#8188: I think that 3.6 was during a math test
2016-08-14 05:00:48.609000 #swagchat @NATHSTERS#9113: west us?
2016-08-14 05:00:51.971000 #swagchat @mcole41#8188: Irving TX
2016-08-14 05:00:55.876000 #swagchat @NATHSTERS#9113: oooh
2016-08-14 05:01:03.682000 #swagchat @mcole41#8188: Dallas TX
2016-08-14 05:01:14.857000 #swagchat @mcole41#8188: i live in Dallas County
2016-08-14 05:01:45.173000 #swagchat @mcole41#8188: It coulda just been me
2016-08-14 05:01:51.395000 #swagchat @NATHSTERS#9113: there was one in oklahoma
2016-08-14 05:01:56.679000 #swagchat @NATHSTERS#9113: ¯\_(\u30c4)_/¯
2016-08-14 05:02:01.868000 #swagchat @mcole41#8188: Was my head in OK?
2016-08-14 05:02:12.048000 #swagchat @imgpw#0148: earthquakes travel far
2016-08-14 05:02:16.902000 #swagchat @NATHSTERS#9113: they doooo
2016-08-14 05:02:18.329000 #swagchat @mcole41#8188: True
2016-08-14 05:02:23.737000 #swagchat @imgpw#0148: if youre in tx you probably felt the one in OK
2016-08-14 05:02:33.333000 #swagchat @mcole41#8188: Possible yes
2016-08-14 05:02:39.268000 #swagchat @mcole41#8188: I live in North TX
2016-08-14 05:02:42.664000 #swagchat @mcole41#8188: So most likely
2016-08-14 05:02:58.151000 #swagchat @NATHSTERS#9113: I don't think I've ever felt one before
2016-08-14 05:03:03.348000 #swagchat @imgpw#0148: im from NJ and i felt a quake that originated in like virginia
2016-08-14 05:03:04.372000 #swagchat @NATHSTERS#9113: being in north carolina OpieOP
2016-08-14 05:03:04.991000 #swagchat @mcole41#8188: We have a weird epi center in Irving
2016-08-14 05:03:15.884000 #swagchat @mcole41#8188: You remember old cowboys stadium
2016-08-14 05:03:26.630000 #swagchat @mcole41#8188: Do you know what that is
2016-08-14 05:03:31.232000 #swagchat @NATHSTERS#9113: ?
2016-08-14 05:03:40.978000 #swagchat @mcole41#8188: The old home of the Dallas Cowboys
2016-08-14 05:03:49.749000 #swagchat @NATHSTERS#9113: don't follow nfl
2016-08-14 05:03:51.136000 #swagchat @NATHSTERS#9113: ¯\_(\u30c4)_/¯
2016-08-14 05:03:53.017000 #swagchat @mcole41#8188: Oh ok
2016-08-14 05:04:06.155000 #swagchat @mcole41#8188: Well we imploded that building and some earthquakes were caused by it
2016-08-14 05:04:12.404000 #swagchat @imgpw#0148: lol
2016-08-14 05:04:16.859000 #swagchat @mcole41#8188: Im serious
2016-08-14 05:04:40.401000 #swagchat @mcole41#8188: Quakes spawned in the area where it emplodef
2016-08-14 05:04:55.029000 #swagchat @imgpw#0148: i beleive you, i just think thats funny
2016-08-14 05:04:59.915000 #swagchat @mcole41#8188: Same
2016-08-14 05:05:17.195000 #swagchat @mcole41#8188: Also their is a weird fault in dallas which is concerning
2016-08-14 05:05:35.113000 #swagchat @mcole41#8188: There is a 0.01% chance of a 4.0 or greater in the future
2016-08-14 05:05:44.395000 #swagchat @mcole41#8188: Low but scary
2016-08-14 05:06:04.007000 #swagchat @imgpw#0148: at least you arent la, where i am going to be spending a semester starting in january
2016-08-14 05:06:16.859000 #swagchat @mcole41#8188: There better prepared for it though
2016-08-14 05:06:23.270000 #swagchat @mcole41#8188: Dallas lol
2016-08-14 05:06:39.068000 #swagchat @mcole41#8188: Fracking is messing up the economy
2016-08-14 05:06:46.164000 #swagchat @NATHSTERS#9113: My geology teacher was talking about something like the mississippi going apart or some city built on a potiental fault forsenE
2016-08-14 05:06:55.525000 #swagchat @NATHSTERS#9113: it's great
2016-08-14 05:06:39.068000 #swagchat @mcole41#8188: EDIT: 
Before: Fracking is messing up the economy
After: Fracking is messing up the enviornment
2016-08-14 05:07:10.635000 #swagchat @mcole41#8188: Lol
2016-08-14 05:07:12.938000 #swagchat @imgpw#0148: who really cares about mississippi though
2016-08-14 05:07:18.294000 #swagchat @mcole41#8188: True
2016-08-14 05:07:30.673000 #swagchat @mcole41#8188: Ppl who live there i guess
2016-08-14 05:07:55.864000 #swagchat @NATHSTERS#9113: http://freedomoutpost.com/the-new-madrid-earthquake-that-will-divide-the-united-states-in-half/ this
2016-08-14 05:07:55.864000 #swagchat @NATHSTERS#9113: http://freedomoutpost.com/the-new-madrid-earthquake-that-will-divide-the-united-states-in-half/ this
2016-08-14 05:08:13.633000 #swagchat @mcole41#8188: Interesting
2016-08-14 05:08:18.452000 #swagchat @DeezWords#4195: hmm
2016-08-14 05:08:22.028000 #swagchat @DeezWords#4195: I seem to be in red
2016-08-14 05:08:27.074000 #swagchat @mcole41#8188: 6.8
2016-08-14 05:08:28.740000 #swagchat @DeezWords#4195: that's good right? FeelsGoodMan
2016-08-14 05:08:30.704000 #swagchat @mcole41#8188: Oh my
2016-08-14 05:08:31.866000 #swagchat @NATHSTERS#9113: means you're hot
2016-08-14 05:08:36.408000 #swagchat @NATHSTERS#9113: FeelsHotMan
2016-08-14 05:08:40.376000 #swagchat @mcole41#8188: Lol
2016-08-14 05:08:46.615000 #swagchat @DeezWords#4195: DatSheffy science knows
2016-08-14 05:08:47.083000 #swagchat @mcole41#8188: Is this a theory or for real
2016-08-14 05:08:47.528000 #swagchat @imgpw#0148: my school might be in the tip of the yellow on teh east coast
2016-08-14 05:09:01.613000 #swagchat @mcole41#8188: TX not even on there
2016-08-14 05:09:06.155000 #swagchat @mcole41#8188: In the color
2016-08-14 05:09:11.088000 #swagchat @NATHSTERS#9113: theory because some earthquakes have formed in that area
2016-08-14 05:09:16.624000 #swagchat @NATHSTERS#9113: but no fault yet
2016-08-14 05:09:34.726000 #swagchat @NATHSTERS#9113: errr
2016-08-14 05:09:38.951000 #swagchat @NATHSTERS#9113: I guess it's a fault
2016-08-14 05:08:47.528000 #swagchat @imgpw#0148: EDIT: 
Before: my school might be in the tip of the yellow on teh east coast
After: my school might be in the tip of the yellow on the east coast
2016-08-14 05:09:41.054000 #swagchat @mcole41#8188: Can a mountain start in TX
2016-08-14 05:09:43.116000 #swagchat @NATHSTERS#9113: but it's not active?
2016-08-14 05:09:48.472000 #swagchat @NATHSTERS#9113: I'm no geologist
2016-08-14 05:09:56.858000 #swagchat @DeezWords#4195: I'm thinking lizard uprising
2016-08-14 05:10:01.009000 #swagchat @NATHSTERS#9113: oshit
2016-08-14 05:10:05.492000 #swagchat @mcole41#8188: Did u know there is a volcano in TX
2016-08-14 05:10:16.542000 #swagchat @NATHSTERS#9113: did you know yellowstone is a bomb?
2016-08-14 05:10:19.366000 #swagchat @NATHSTERS#9113: forsenE
2016-08-14 05:10:21.275000 #swagchat @mcole41#8188: NO
2016-08-14 05:10:23.335000 #swagchat @mcole41#8188: lol
2016-08-14 05:10:31.101000 #swagchat @DeezWords#4195: yeah man
2016-08-14 05:10:38.865000 #swagchat @DeezWords#4195: fucking love the show on discovery for that
2016-08-14 05:10:46.902000 #swagchat @mcole41#8188: Did you know clocks are apparently bombs
2016-08-14 05:10:49.719000 #swagchat @imgpw#0148: thats what they thought would end the earth in 2012
2016-08-14 05:10:58.242000 #swagchat @DeezWords#4195: think they made a poop movie about it too
2016-08-14 05:11:04.114000 #swagchat @NATHSTERS#9113: poop?
2016-08-14 05:11:14.042000 #swagchat @mcole41#8188: Poop \U0001f631
2016-08-14 05:12:35.354000 #swagchat @mcole41#8188: Nathan
2016-08-14 05:12:49.315000 #swagchat @mcole41#8188: There was a rumor that went around saying WW3 was on
2016-08-14 05:13:03.107000 #swagchat @mcole41#8188: Lmbo
2016-08-14 05:13:32.991000 #swagchat @NATHSTERS#9113: maybe it is
2016-08-14 05:13:45.100000 #swagchat @NATHSTERS#9113: But if it was going on we wouldnt be alive for long
2016-08-14 05:13:47.118000 #swagchat @NATHSTERS#9113: nukes man
2016-08-14 05:13:49.291000 #swagchat @mcole41#8188: North Korea would go down with one strike
2016-08-14 05:13:56.652000 #swagchat @NATHSTERS#9113: WELL
2016-08-14 05:14:07.040000 #swagchat @NATHSTERS#9113: War games is on the sub movie poll now
2016-08-14 05:14:15.537000 #swagchat @mcole41#8188: Ohh
2016-08-14 05:14:22.333000 #swagchat @mcole41#8188: Wheee do i bote
2016-08-14 05:14:25.063000 #swagchat @mcole41#8188: Vote
2016-08-14 05:14:34.322000 #swagchat @NATHSTERS#9113: I'll make a poll tomorrow
2016-08-14 05:14:45.455000 #swagchat @mcole41#8188: Do i need my Voters Registration card!
2016-08-14 05:14:47.778000 #swagchat @mcole41#8188: ?
2016-08-14 05:14:49.129000 #swagchat @NATHSTERS#9113: yes
2016-08-14 05:14:52.703000 #swagchat @mcole41#8188: Got it
2016-08-14 05:14:53.471000 #swagchat @NATHSTERS#9113: are you kidding me
2016-08-14 05:14:59.981000 #swagchat @DeezWords#4195: and stool sample
2016-08-14 05:15:04.056000 #swagchat @NATHSTERS#9113: ^
2016-08-14 05:15:06.911000 #swagchat @NATHSTERS#9113: this guy gets it
2016-08-14 05:15:08.078000 #swagchat @mcole41#8188: Done
2016-08-14 05:15:09.883000 #swagchat @mcole41#8188: Easy
2016-08-14 05:15:11.680000 #swagchat @Faking#6845: stool DansGame
2016-08-14 05:15:16.652000 #swagchat @DeezWords#4195: just send it to kays po box for testing
2016-08-14 05:15:19.601000 #swagchat @NATHSTERS#9113: !skip
2016-08-14 05:15:19.928000 #swagchat @RadioKappa#8541: Skipping...
2016-08-14 05:15:24.255000 #swagchat @mcole41#8188: Lmao
2016-08-14 05:15:25.911000 #swagchat @NATHSTERS#9113: (puke)
2016-08-14 05:15:39.960000 #swagchat @mcole41#8188: (sends cookies)
2016-08-14 05:15:41.468000 #swagchat @NATHSTERS#9113: we all need to plan to send kay potatoes one day
2016-08-14 05:15:48.488000 #swagchat @NATHSTERS#9113: at the same time
2016-08-14 05:15:50.940000 #swagchat @mcole41#8188: Potatoes
2016-08-14 05:15:52.341000 #swagchat @mcole41#8188: \U0001f602
2016-08-14 05:15:53.938000 #swagchat @NATHSTERS#9113: just a po box full of potatoes
2016-08-14 05:16:01.016000 #swagchat @mcole41#8188: Lol
2016-08-14 05:16:04.294000 #swagchat @mcole41#8188: Im down
2016-08-14 05:16:32.974000 #swagchat @mcole41#8188: Then have a card saying join the army of potatoes
2016-08-14 05:16:44.778000 #swagchat @NATHSTERS#9113: lol on that article I posted earlier http://i.imgur.com/dMCFVcS.png
2016-08-14 05:16:44.778000 #swagchat @NATHSTERS#9113: lol on that article I posted earlier http://i.imgur.com/dMCFVcS.png
2016-08-14 05:17:01.853000 #swagchat @mcole41#8188: \U0001f602\U0001f602\U0001f602\U0001f602\U0001f44f\U0001f44f\U0001f44f\U0001f44f
2016-08-14 05:17:07.441000 #swagchat @mcole41#8188: \U0001f602\U0001f44f\U0001f602\U0001f44f
2016-08-14 05:18:00.199000 #swagchat @DeezWords#4195: I'd like the truck if it wasn't raised, wasn't custom painted and didnt't have the light bar OpieOP
2016-08-14 05:18:14.705000 #swagchat @mcole41#8188: ^
2016-08-14 05:19:23.875000 #swagchat @NATHSTERS#9113: heh
2016-08-14 05:33:41.184000 #swagchat @Faking#6845: bro drunk haha
2016-08-14 05:34:16.654000 #swagchat @Faking#6845: https://clips.twitch.tv/brobq/PreciousRuffSMOrc
2016-08-14 05:34:16.654000 #swagchat @Faking#6845: https://clips.twitch.tv/brobq/PreciousRuffSMOrc
2016-08-14 05:34:32.463000 #swagchat @DeezWords#4195: oh god
2016-08-14 05:34:36.392000 #swagchat @NATHSTERS#9113: lmao
2016-08-14 05:34:42.849000 #swagchat @Faking#6845: haha
2016-08-14 06:04:27.348000 #swagchat @Stoner_Minded#7675: nathan ur getting radied btw
2016-08-14 07:16:09.895000 #swagchat @Zack#8260: https://www.youtube.com/watch?v=sc1QHOvS_G0
2016-08-14 07:16:09.895000 #swagchat @Zack#8260: https://www.youtube.com/watch?v=sc1QHOvS_G0
2016-08-14 07:17:13.795000 #swagchat @a_thomp42#3897: arent his parents dead DansGame
2016-08-14 07:23:33.508000 #swagchat @Zack#8260: YE
2016-08-14 07:27:16.824000 #swagchat @a_thomp42#3897: thats pretty fucked up
2016-08-14 07:49:10.287000 #swagchat @Casey \u2694\ufe0f#8823: Anyone alive?
2016-08-14 07:57:05.942000 #swagchat @Casey \u2694\ufe0f#8823: Ima take that as a no
2016-08-14 08:05:50.548000 #swagchat @Faking#6845: si
2016-08-14 09:48:38.277000 #swagchat @GApproved#2774: I am alive
2016-08-14 09:54:49.205000 #swagchat @Elros#1578: Good to know
2016-08-14 10:40:09.149000 #swagchat @Jag#3108: Boo
2016-08-14 11:08:32.258000 #swagchat @Blaine#1011: 3spoopy5me
2016-08-14 11:45:48.178000 #swagchat @Blaine#1011: SourPls
2016-08-14 11:45:51.027000 #swagchat @Blaine#1011: forsenPls
2016-08-14 11:48:19.598000 #swagchat @Blaine#1011: 
2016-08-14 11:48:20.797000 #swagchat @Blaine#1011: FeelsGoodMan
2016-08-14 11:48:23.974000 #swagchat @Blaine#1011: 
2016-08-14 11:48:25.585000 #swagchat @Blaine#1011: FeelsBadMan
2016-08-14 11:52:58.074000 #swagchat @Jag#3108: Its ok
2016-08-14 11:53:04.050000 #swagchat @Jag#3108: Keep your head up
2016-08-14 11:53:14.398000 #swagchat @Blaine#1011: I'll keep it up gachiGold
2016-08-14 11:55:12.168000 #swagchat @Blaine#1011: https://cdn.discordapp.com/attachments/81621837640896512/214339520617775104/tumblr_mwb6h1H82a1s02vreo1_400.gif
2016-08-14 11:55:12.168000 #swagchat @Blaine#1011: https://cdn.discordapp.com/attachments/81621837640896512/214339520617775104/tumblr_mwb6h1H82a1s02vreo1_400.gif
2016-08-14 11:55:25.267000 #swagchat @Blaine#1011: When you ask for 'head' Kappa
2016-08-14 11:56:10.576000 #swagchat @Jag#3108: Oh did Kaylee tell you what happened then?
2016-08-14 11:56:14.077000 #swagchat @Jag#3108: Oh it's just a coincidence
2016-08-14 11:56:15.359000 #swagchat @Jag#3108: NEVERMIND
2016-08-14 11:56:16.072000 #swagchat @Jag#3108: Kappa
2016-08-14 11:57:05.127000 #swagchat @Blaine#1011: LUUL
2016-08-14 11:57:27.957000 #swagchat @Blaine#1011: You wish gachiGASM
2016-08-14 11:58:45.084000 #swagchat @Blaine#1011: <:kayyWot:189002999027335168>
2016-08-14 11:58:46.448000 #swagchat @Blaine#1011: Jag
2016-08-14 11:58:47.406000 #swagchat @Blaine#1011: Pls
2016-08-14 11:59:14.100000 #swagchat @Jag#3108: Wat
2016-08-14 11:59:15.343000 #swagchat @Jag#3108: \U0001f603
2016-08-14 11:59:52.504000 #swagchat @Blaine#1011: 
2016-08-14 11:59:54.723000 #swagchat @Blaine#1011: TriHard //
2016-08-14 12:03:52.793000 #swagchat @Blaine#1011: 
2016-08-14 12:05:16.341000 #swagchat @Blaine#1011: 
2016-08-14 12:05:34.406000 #swagchat @Blaine#1011: 
2016-08-14 12:05:40.921000 #swagchat @Blaine#1011: *gets triggered*
2016-08-14 12:06:04.067000 #swagchat @Blaine#1011: 
2016-08-14 12:06:39.297000 #swagchat @Blaine#1011: 
2016-08-14 12:06:54.646000 #swagchat @Blaine#1011: 
2016-08-14 12:06:55.508000 #swagchat @Blaine#1011: Me ^
2016-08-14 12:08:18.666000 #swagchat @Blaine#1011: <:kayyWot:189002999027335168>
2016-08-14 12:08:31.400000 #swagchat @Blaine#1011: This song
2016-08-14 12:08:33.666000 #swagchat @Blaine#1011: <:kayyWot:189002999027335168>
2016-08-14 12:46:29.892000 #swagchat @NATHSTERS#9113: My nose fucking hurts
2016-08-14 12:46:35.150000 #swagchat @NATHSTERS#9113: I ran into my door last night
2016-08-14 12:46:42.558000 #swagchat @NATHSTERS#9113: FeelsBadMan
2016-08-14 12:46:44.654000 #swagchat @Jag#3108: Well that was smart xD
2016-08-14 12:46:47.323000 #swagchat @Jag#3108: how did you manage that
2016-08-14 12:46:53.959000 #swagchat @NATHSTERS#9113: was going to open it and
2016-08-14 12:46:56.982000 #swagchat @NATHSTERS#9113: ended up not
2016-08-14 12:47:03.468000 #swagchat @NATHSTERS#9113: kept walking and bam
2016-08-14 12:48:28.459000 #swagchat @NATHSTERS#9113: http://i.imgur.com/GzAhlXd.png ?
2016-08-14 12:48:28.459000 #swagchat @NATHSTERS#9113: http://i.imgur.com/GzAhlXd.png ?
2016-08-14 12:48:36.231000 #swagchat @NATHSTERS#9113: who requested lirik? LUUL
2016-08-14 12:50:04.881000 #swagchat @Blaine#1011: I meant to do !playlist queue lirik
2016-08-14 12:50:13.753000 #swagchat @Blaine#1011: But I forgot the playlist part LUUL
2016-08-14 12:50:43.541000 #swagchat @NATHSTERS#9113: ooo
2016-08-14 12:52:08.817000 #swagchat @NATHSTERS#9113: no kidding
2016-08-14 12:52:16.996000 #swagchat @NATHSTERS#9113: there is a lot of weeb songs on this playlist <:kayyWot:189002999027335168>
2016-08-14 12:52:19.953000 #swagchat @NATHSTERS#9113: !skip
2016-08-14 12:52:20.120000 #swagchat @RadioKappa#8541: Skipping...
2016-08-14 12:55:41.262000 #swagchat @Blaine#1011: <:kayyWot:189002999027335168>
2016-08-14 13:16:01.198000 #swagchat @Jag#3108: ew#
2016-08-14 13:16:53.580000 #swagchat @NATHSTERS#9113: http://i.imgur.com/nuwQzd7.png
2016-08-14 13:16:53.580000 #swagchat @NATHSTERS#9113: http://i.imgur.com/nuwQzd7.png
2016-08-14 13:17:01.901000 #swagchat @Blaine#1011: <:bbqW:164841342462066688>
2016-08-14 13:17:24.199000 #swagchat @NATHSTERS#9113: I mean they asked nicely Kappa
2016-08-14 13:38:31.343000 #swagchat @Kaylee#8413: Nathan wat
2016-08-14 13:38:32.917000 #swagchat @Kaylee#8413: R u hi
2016-08-14 13:38:38.097000 #swagchat @Blaine#1011: Nathan = Ice
2016-08-14 13:38:41.288000 #swagchat @Blaine#1011: = BrokeBack
2016-08-14 13:38:48.047000 #swagchat @NATHSTERS#9113: i wish
2016-08-14 13:38:53.506000 #swagchat @Blaine#1011: Autism TriHard
2016-08-14 13:38:59.156000 #swagchat @NATHSTERS#9113: oh
2016-08-14 13:38:53.506000 #swagchat @Blaine#1011: EDIT: 
Before: Autism TriHard
After: Autism forsenWut
2016-08-14 13:39:31.506000 #swagchat @Blaine#1011: Still funny that he did that LUUL
2016-08-14 13:39:55.748000 #swagchat @GApproved#2774: He was diagnosed Cx
2016-08-14 13:40:45.305000 #swagchat @Blaine#1011: Have breakfast yet Kay?
2016-08-14 13:41:03.807000 #swagchat @Blaine#1011: Egg whites and jam on toast? EleGiggle
2016-08-14 13:41:12.696000 #swagchat @Kaylee#8413: Not yet
2016-08-14 13:41:15.551000 #swagchat @Kaylee#8413: Its cooking
2016-08-14 13:41:21.610000 #swagchat @Blaine#1011: What is it <:kayySponge:189002997353676800>
2016-08-14 13:41:30.633000 #swagchat @Kaylee#8413: Morning @GApproved :)
2016-08-14 13:41:35.310000 #swagchat @Kaylee#8413: 2 egg whites and ham
2016-08-14 13:41:41.296000 #swagchat @Blaine#1011: Close enough LUUL
2016-08-14 13:41:45.628000 #swagchat @GApproved#2774: Morning o/
2016-08-14 13:42:48.680000 #swagchat @Blaine#1011: Wait I thought I moved to music <:kayySponge:189002997353676800>
2016-08-14 13:43:03.397000 #swagchat @Blaine#1011: Yeah never mind that LUUL
2016-08-14 13:44:58.594000 #swagchat @Blaine#1011: 
2016-08-14 13:44:59.409000 #swagchat @Kaylee#8413: The pillow my mom gave me sucks..
2016-08-14 13:45:12.097000 #swagchat @Kaylee#8413: I can barely sleep on it
2016-08-14 13:45:15.372000 #swagchat @Kaylee#8413: FeelsSadMan
2016-08-14 13:45:22.879000 #swagchat @Blaine#1011: I'll send a pillow TriHard
2016-08-14 13:45:27.975000 #swagchat @Blaine#1011: Just sleep on Luna
2016-08-14 13:45:30.487000 #swagchat @Blaine#1011: OpieOP
2016-08-14 13:45:37.639000 #swagchat @Kaylee#8413: She'd die
2016-08-14 13:45:42.419000 #swagchat @Blaine#1011: LOL
2016-08-14 13:45:47.689000 #swagchat @Kaylee#8413: My head is heavier than her entire body
2016-08-14 13:46:06.941000 #swagchat @Blaine#1011: Big brain KaRappa
2016-08-14 13:46:39.477000 #swagchat @Blaine#1011: 
2016-08-14 13:46:55.850000 #swagchat @NATHSTERS#9113: LUUL
2016-08-14 13:47:13.092000 #swagchat @Blaine#1011: LUUL
2016-08-14 13:50:26.429000 #swagchat @GApproved#2774: I'm recovering from Jimmy's stream last night, but I need to eat. OSsloth
2016-08-14 13:51:15.038000 #swagchat @Blaine#1011: https://cdn.discordapp.com/attachments/81621837640896512/214339522727510016/RZdhY9G.gif
2016-08-14 13:51:15.038000 #swagchat @Blaine#1011: https://cdn.discordapp.com/attachments/81621837640896512/214339522727510016/RZdhY9G.gif
2016-08-14 13:51:45.767000 #swagchat @Kaylee#8413: What time did Jimmy stream till last night?
2016-08-14 13:51:49.903000 #swagchat @Kaylee#8413: @GApproved
2016-08-14 13:52:00.932000 #swagchat @GApproved#2774: 6:30
2016-08-14 13:52:05.413000 #swagchat @Kaylee#8413: Omg
2016-08-14 13:52:25.959000 #swagchat @Kaylee#8413: Jimmy woke up last night at like 10
2016-08-14 13:52:31.785000 #swagchat @Blaine#1011: Jimmy?
2016-08-14 13:52:35.189000 #swagchat @Blaine#1011: RareParrot
2016-08-14 13:52:37.460000 #swagchat @Kaylee#8413: Dont worry about i
2016-08-14 13:52:38.501000 #swagchat @Kaylee#8413: It
2016-08-14 13:52:40.172000 #swagchat @GApproved#2774: My response also FeelsBadMan
2016-08-14 13:52:40.320000 #swagchat @Kaylee#8413: OpieOP
2016-08-14 13:52:44.891000 #swagchat @Blaine#1011: forsenE
2016-08-14 13:53:09.472000 #swagchat @Blaine#1011: Hey Kay do you have this
2016-08-14 13:53:11.182000 #swagchat @Blaine#1011: 
2016-08-14 13:53:26.125000 #swagchat @Blaine#1011: I saved it as a JPG not a GIF FailFish
2016-08-14 13:53:39.693000 #swagchat @GApproved#2774: ^^^ I was gonna say
2016-08-14 13:54:49.774000 #swagchat @Kaylee#8413: Yeah i do hve the gif
2016-08-14 13:54:54.484000 #swagchat @Blaine#1011: Cool
2016-08-14 13:54:54.642000 #swagchat @Kaylee#8413: I'll send it in a sec
2016-08-14 13:54:58.926000 #swagchat @Kaylee#8413: If you want it on your phone
2016-08-14 13:55:17.617000 #swagchat @Blaine#1011: I'll put it in the gif folder later yeah
2016-08-14 13:55:44.452000 #swagchat @Kaylee#8413: Ok I'll send it later then if you want
2016-08-14 13:55:49.609000 #swagchat @Kaylee#8413: For when you have internet
2016-08-14 13:56:04.465000 #swagchat @Blaine#1011: I can just DM it to myself
2016-08-14 13:56:19.009000 #swagchat @Blaine#1011: Idk if we'll even have service later
2016-08-14 13:56:33.799000 #swagchat @Kaylee#8413: Ok
2016-08-14 13:56:36.995000 #swagchat @Kaylee#8413: I'll do it in a sec
2016-08-14 13:56:49.653000 #swagchat @Blaine#1011: No hurry
2016-08-14 13:58:01.997000 #swagchat @Jag#3108: Idk which account to use to stream
2016-08-14 13:58:16.824000 #swagchat @Blaine#1011: Use the English one at first
2016-08-14 13:58:32.793000 #swagchat @Kaylee#8413: ^
2016-08-14 13:58:39.574000 #swagchat @Kaylee#8413: AmericanEnglish is the coolest
2016-08-14 13:58:45.450000 #swagchat @Blaine#1011: I like the name yeah
2016-08-14 13:58:48.498000 #swagchat @Blaine#1011: OpieOP
2016-08-14 13:58:56.451000 #swagchat @Kaylee#8413: Because you'll be american and you're from England
2016-08-14 13:58:58.208000 #swagchat @Kaylee#8413: 4Head
2016-08-14 13:59:09.605000 #swagchat @Blaine#1011: That's the point 4Head
2016-08-14 13:59:16.812000 #swagchat @Kaylee#8413: Cant believe he got that name tbh
2016-08-14 13:59:38.989000 #swagchat @Blaine#1011: 2nd follower FeelsBirthdayMan
2016-08-14 14:01:05.958000 #swagchat @Jag#3108: 
2016-08-14 14:01:09.047000 #swagchat @Jag#3108: Those are my options xD
2016-08-14 14:01:14.465000 #swagchat @Jag#3108: Most of my other accounts are on other emails so
2016-08-14 14:01:22.138000 #swagchat @Jag#3108: those are just the ones on my main email
2016-08-14 14:01:36.566000 #swagchat @Jag#3108: had to blank some out doe
2016-08-14 14:01:49.008000 #swagchat @NATHSTERS#9113: i like do me anally
2016-08-14 14:01:54.922000 #swagchat @Jag#3108: who wouldn't
2016-08-14 14:02:07.902000 #swagchat @Blaine#1011: Jesus
2016-08-14 14:02:28.339000 #swagchat @Blaine#1011: You have Krispyfries? 4Head
2016-08-14 14:02:32.431000 #swagchat @Jag#3108: Of course
2016-08-14 14:03:42.051000 #swagchat @NATHSTERS#9113: swagvag
2016-08-14 14:03:54.229000 #swagchat @Blaine#1011: Vag OMGScoots
2016-08-14 14:04:18.608000 #swagchat @Jag#3108: I quite like eREKTiledysfunction
2016-08-14 14:04:20.992000 #swagchat @Jag#3108: made me kek
2016-08-14 14:04:32.086000 #swagchat @Blaine#1011: Haha
2016-08-14 14:04:35.798000 #swagchat @Jag#3108: but i wouldn't use it in case people assumed i had a problem xD
2016-08-14 14:04:43.473000 #swagchat @Blaine#1011: Yeah
2016-08-14 14:04:55.091000 #swagchat @Blaine#1011: Just prove that you don't gachiGASM
2016-08-14 14:05:20.323000 #swagchat @Jag#3108: Only one way to do that
2016-08-14 14:05:25.942000 #swagchat @Blaine#1011: ( \u0361° \u035c\u0296 \u0361°)
2016-08-14 14:05:28.036000 #swagchat @Jag#3108: ArgieB8
2016-08-14 14:07:12.016000 #swagchat @GApproved#2774: Ibupreggo?
2016-08-14 14:07:29.464000 #swagchat @Blaine#1011: 
2016-08-14 14:07:41.249000 #swagchat @GApproved#2774: Like ibuprofen but... you know what never mind
2016-08-14 14:07:57.268000 #swagchat @NATHSTERS#9113: 
2016-08-14 14:07:59.894000 #swagchat @Blaine#1011: When Luna pisses on your pillow and you're about to flip shit because you haven't gotten any sleep
2016-08-14 14:08:01.035000 #swagchat @mcole41#8188: I passed out so hard last night
2016-08-14 14:07:59.894000 #swagchat @Blaine#1011: EDIT: 
Before: When Luna pisses on your pillow and you're about to flip shit because you haven't gotten any sleep
After: When Luna pisses on your pillow and your about to flip shit because you haven't gotten any sleep
2016-08-14 14:08:14.143000 #swagchat @Blaine#1011: 
2016-08-14 14:08:32.908000 #swagchat @Blaine#1011: You guys keep ruining everything ImTriggered
2016-08-14 14:08:37.539000 #swagchat @mcole41#8188: Morning Blaine & Jag
2016-08-14 14:08:53.761000 #swagchat @Jag#3108: morning
2016-08-14 14:09:19.492000 #swagchat @mcole41#8188: <:kayyW:189003002504413184> Morning
2016-08-14 14:09:27.344000 #swagchat @GApproved#2774: <:kayyE:189003004823863296> morninh
2016-08-14 14:09:27.344000 #swagchat @GApproved#2774: EDIT: 
Before: <:kayyE:189003004823863296> morninh
After: <:kayyE:189003004823863296> morning
2016-08-14 14:09:52.949000 #swagchat @mcole41#8188: *Good Night*
2016-08-14 14:09:52.949000 #swagchat @mcole41#8188: EDIT: 
Before: *Good Night*
After: *Good Night* Kappa
2016-08-14 14:11:46.540000 #swagchat @mcole41#8188: Jag
2016-08-14 14:11:58.718000 #swagchat @NATHSTERS#9113: solider's ult is so NotLikeThis
2016-08-14 14:12:03.984000 #swagchat @mcole41#8188: Aye Nathan \U0001f603
2016-08-14 14:12:07.288000 #swagchat @NATHSTERS#9113: hey cole
2016-08-14 14:12:15.017000 #swagchat @mcole41#8188: You sleep well?
2016-08-14 14:13:11.589000 #swagchat @mcole41#8188: I got 10 hrs of sleep so im ready for that 7 hour stream xD
2016-08-14 14:13:16.286000 #swagchat @NATHSTERS#9113: i slept eh
2016-08-14 14:13:25.989000 #swagchat @Blaine#1011: I'm ready for the morning stream FeelsGoodMan
2016-08-14 14:13:34.847000 #swagchat @mcole41#8188: 36 hour Stream Kappa
2016-08-14 14:14:51.312000 #swagchat @mcole41#8188: I have an announcement
2016-08-14 14:14:56.191000 #swagchat @mcole41#8188: Im subbing to Jag
2016-08-14 14:14:57.784000 #swagchat @mcole41#8188: Ty
2016-08-14 14:15:04.275000 #swagchat @GApproved#2774: Kreygasm
2016-08-14 14:15:32.218000 #swagchat @mcole41#8188: I send Jag a Pineapple with Mushrooms pizza every month to sub
2016-08-14 14:17:25.304000 #swagchat @GApproved#2774: That should last the whole month Kappa
2016-08-14 14:17:33.684000 #swagchat @Kaylee#8413: LOOOOL
2016-08-14 14:17:39.198000 #swagchat @Kaylee#8413: That pizza would last 1 minute
2016-08-14 14:17:41.524000 #swagchat @Kaylee#8413: jag is a vacuum lol
2016-08-14 14:17:54.783000 #swagchat @Kaylee#8413: i want a pizza now
2016-08-14 14:18:02.941000 #swagchat @Kaylee#8413: my bfast was so yummy
2016-08-14 14:18:25.133000 #swagchat @Blaine#1011: Pizza OpieOP
2016-08-14 14:19:44.068000 #swagchat @Jag#3108: Kaylee Triggered
2016-08-14 14:20:18.493000 #swagchat @Blaine#1011: Same
2016-08-14 14:20:43.431000 #swagchat @Blaine#1011: So did Jag watch Ice? OMGScoots
2016-08-14 14:21:01.121000 #swagchat @Blaine#1011: Probably like 5 AM there LUUL
2016-08-14 14:21:09.124000 #swagchat @Kaylee#8413: no he didnt
2016-08-14 14:21:10.585000 #swagchat @Blaine#1011: watch the VOD lmao
2016-08-14 14:21:23.436000 #swagchat @Kaylee#8413: i think he'll think he's dumb
2016-08-14 14:21:31.482000 #swagchat @Kaylee#8413: i watched a little since i couldnt sleep, then i went to bed
2016-08-14 14:21:34.774000 #swagchat @Blaine#1011: But ice is dumb
2016-08-14 14:21:38.948000 #swagchat @Kaylee#8413: his brownie was dirt
2016-08-14 14:21:46.884000 #swagchat @Blaine#1011: Ofc
2016-08-14 14:22:20.413000 #swagchat @Blaine#1011: Kaylee I'm sill waiting on the KFC, Watermelon and grape sod stream TriHard //
2016-08-14 14:22:20.413000 #swagchat @Blaine#1011: EDIT: 
Before: Kaylee I'm sill waiting on the KFC, Watermelon and grape sod stream TriHard //
After: Kaylee I'm sill waiting on the KFC, Watermelon and grape soda stream TriHard //
2016-08-14 14:23:21.206000 #swagchat @Kaylee#8413: hey, win the contest and you can get that
2016-08-14 14:23:22.031000 #swagchat @Kaylee#8413: LUUL
2016-08-14 14:23:28.796000 #swagchat @Jag#3108: 
2016-08-14 14:23:29.799000 #swagchat @Kaylee#8413: i'll start up the contest on monday
2016-08-14 14:25:07.215000 #swagchat @Blaine#1011: Kewl
2016-08-14 14:26:16.356000 #swagchat @Kaylee#8413: i kind of hope you win
2016-08-14 14:26:21.260000 #swagchat @Kaylee#8413: bc im looking forward to eating KFC
2016-08-14 14:27:55.521000 #swagchat @mcole41#8188: Morning Kay
2016-08-14 14:28:11.643000 #swagchat @Kaylee#8413: morning mcole
2016-08-14 14:28:34.275000 #swagchat @Blaine#1011: Maybe we can work something out <:bbqK:162516088603672576>
2016-08-14 14:28:34.939000 #swagchat @mcole41#8188: How are you feeling today Kay? Any better?
2016-08-14 14:29:44.681000 #swagchat @mcole41#8188: Considering a straight 60 grind today
2016-08-14 14:31:12.634000 #swagchat @Jag#3108: hm
2016-08-14 14:31:22.270000 #swagchat @mcole41#8188: Can i do it¿
2016-08-14 14:32:21.242000 #swagchat @Jag#3108: h
2016-08-14 14:32:42.784000 #swagchat @Jag#3108: uh
2016-08-14 14:32:47.772000 #swagchat @mcole41#8188: Basically gonna be my whole day if i do it though
2016-08-14 14:33:17.934000 #swagchat @Jag#3108: uh
2016-08-14 14:33:21.384000 #swagchat @mcole41#8188: Jag how are you today by the way
2016-08-14 14:33:25.867000 #swagchat @Masca#4487: I think I'd like off more if it wasn't 80% grease
2016-08-14 14:33:31.946000 #swagchat @Masca#4487: KFC
2016-08-14 14:33:35.497000 #swagchat @Blaine#1011: Ye
2016-08-14 14:33:38.320000 #swagchat @Masca#4487: pls autocorrect
2016-08-14 14:33:46.581000 #swagchat @Blaine#1011: I haven't had KFC in years
2016-08-14 14:34:03.590000 #swagchat @Masca#4487: Last time I got food poisoning from them so it's been a while for me too
2016-08-14 14:34:04.649000 #swagchat @Jag#3108: im ok
2016-08-14 14:34:11.929000 #swagchat @mcole41#8188: If i win its gonna be Chair Content
2016-08-14 14:34:13.627000 #swagchat @mcole41#8188: Kappa
2016-08-14 14:35:15.007000 #swagchat @Blaine#1011: Title of Kay's stream after I win: " TriHard //"
2016-08-14 14:35:23.326000 #swagchat @mcole41#8188: ^
2016-08-14 14:35:29.813000 #swagchat @Blaine#1011: Kapp
2016-08-14 14:37:19.389000 #swagchat @Kaylee#8413: LOL
2016-08-14 14:38:18.661000 #swagchat @Blaine#1011: Hey Kay
2016-08-14 14:38:23.684000 #swagchat @Blaine#1011: Check snap
2016-08-14 14:38:33.882000 #swagchat @Blaine#1011: gachiGASM
2016-08-14 14:45:04.881000 #swagchat @Blaine#1011: When you RT things in the wrong order broken
2016-08-14 14:45:04.881000 #swagchat @Blaine#1011: EDIT: 
Before: When you RT things in the wrong order broken
After: When you RT things in the wrong order BrokeBack
2016-08-14 14:46:01.910000 #swagchat @Kaylee#8413: https://gyazo.com/ebf84884920f6e488a46e32b58bb74a3
2016-08-14 14:46:01.910000 #swagchat @Kaylee#8413: https://gyazo.com/ebf84884920f6e488a46e32b58bb74a3
2016-08-14 14:46:07.039000 #swagchat @Kaylee#8413: Sent him a gyazo of what side said
2016-08-14 14:46:09.071000 #swagchat @mcole41#8188: I need to find the place where i craft runes
2016-08-14 14:46:12.297000 #swagchat @Kaylee#8413: "thinkin i'll even subscribe LUL"
2016-08-14 14:46:14.562000 #swagchat @Kaylee#8413: FeelsSadMan
2016-08-14 14:46:31.572000 #swagchat @Blaine#1011: LUUL
2016-08-14 14:46:45.202000 #swagchat @Kaylee#8413: what rune do you want? @McMagikarp
2016-08-14 14:46:49.651000 #swagchat @Kaylee#8413: sorry MCMUFFIN
2016-08-14 14:46:52.210000 #swagchat @Kaylee#8413: @mcole41
2016-08-14 14:46:52.951000 #swagchat @Blaine#1011: He's not subbing so he can donate the big bux gachiGASM
2016-08-14 14:47:07.786000 #swagchat @Kaylee#8413: hes never donated to me before either
2016-08-14 14:47:10.818000 #swagchat @Kaylee#8413: i'd cry legit if he did
2016-08-14 14:47:16.644000 #swagchat @Kaylee#8413: hes been in my stream for like a year now
2016-08-14 14:47:21.514000 #swagchat @mcole41#8188: The one that can craft any type of rune
2016-08-14 14:47:25.709000 #swagchat @mcole41#8188: Alter Ego i think
2016-08-14 14:47:27.040000 #swagchat @Kaylee#8413: just like i cried when zack first donated
2016-08-14 14:47:30.684000 #swagchat @Blaine#1011: *donates .25*
2016-08-14 14:47:34.776000 #swagchat @Blaine#1011: *cries*
2016-08-14 14:47:37.093000 #swagchat @Kaylee#8413: alter ego?
2016-08-14 14:47:38.752000 #swagchat @Kaylee#8413: WutFace
2016-08-14 14:47:42.879000 #swagchat @mcole41#8188: Idk
2016-08-14 14:47:49.434000 #swagchat @Kaylee#8413: wat
2016-08-14 14:47:53.759000 #swagchat @mcole41#8188: It plays that song in there
2016-08-14 14:47:59.341000 #swagchat @Kaylee#8413: there is no such thing i think
2016-08-14 14:48:23.004000 #swagchat @mcole41#8188: Im talking the one that you craft tons of runes
2016-08-14 14:48:26.185000 #swagchat @Kaylee#8413: Location: Ourania Altar
2016-08-14 14:48:30.014000 #swagchat @mcole41#8188: Oh ok
2016-08-14 14:48:46.648000 #swagchat @Kaylee#8413: https://www.youtube.com/watch?v=scWMcfRlTE0
2016-08-14 14:48:46.648000 #swagchat @Kaylee#8413: https://www.youtube.com/watch?v=scWMcfRlTE0
2016-08-14 14:48:54.417000 #swagchat @mcole41#8188: Ty
2016-08-14 14:49:25.280000 #swagchat @Kaylee#8413: need lvl 65 runecrafting though
2016-08-14 14:49:26.364000 #swagchat @Kaylee#8413: so
2016-08-14 14:49:35.537000 #swagchat @mcole41#8188: Ahhh
2016-08-14 14:49:39.364000 #swagchat @GApproved#2774: so get poppin on those body runes Kappa
2016-08-14 14:49:41.193000 #swagchat @Kaylee#8413: but double the exp pts
2016-08-14 14:49:51.573000 #swagchat @mcole41#8188: Nice
2016-08-14 14:50:07.075000 #swagchat @Blaine#1011: The only time hel will donates is through bits LUUL
2016-08-14 14:50:12.134000 #swagchat @Blaine#1011: cheer1 <:kayyE:189003004823863296>
2016-08-14 14:50:12.666000 #swagchat @mcole41#8188: Im debating do i start another skill or fight the day for 60 atk, 60 str, 60 def
2016-08-14 14:50:41.862000 #swagchat @Kaylee#8413: up to you
2016-08-14 14:50:44.990000 #swagchat @Kaylee#8413: what's your str, def and attk
2016-08-14 14:50:45.739000 #swagchat @Blaine#1011: Wait Kay
2016-08-14 14:50:48.768000 #swagchat @Jag#3108: runescape is a shit game
2016-08-14 14:50:49.423000 #swagchat @mcole41#8188: 40-40-40
2016-08-14 14:50:49.606000 #swagchat @Jag#3108: Kappa
2016-08-14 14:50:50.959000 #swagchat @Blaine#1011: Can you cheer yourself?
2016-08-14 14:50:51.830000 #swagchat @Kaylee#8413: and what are you fighting??
2016-08-14 14:50:53.971000 #swagchat @Blaine#1011: 4Head
2016-08-14 14:51:00.929000 #swagchat @Kaylee#8413: fight rock crabs until 60, i think
2016-08-14 14:51:02.035000 #swagchat @Kaylee#8413: i did that
2016-08-14 14:51:02.689000 #swagchat @mcole41#8188: I was fighting the crab looking things
2016-08-14 14:51:12.155000 #swagchat @Kaylee#8413: and then i did experiments until 65
2016-08-14 14:51:22.960000 #swagchat @Kaylee#8413: now im doing spiders in the stronghold
2016-08-14 14:51:31.351000 #swagchat @Kaylee#8413: you cant cheer yourself, blaine no
2016-08-14 14:51:32.412000 #swagchat @Kaylee#8413: i tried
2016-08-14 14:51:35.900000 #swagchat @Kaylee#8413: FeelsSadMan
2016-08-14 14:51:46.072000 #swagchat @Blaine#1011: Ofc you tried <:kayyE:189003004823863296>
2016-08-14 14:51:57.814000 #swagchat @Kaylee#8413: i wanted a bad
2016-08-14 14:51:57.814000 #swagchat @Kaylee#8413: EDIT: 
Before: i wanted a bad
After: i wanted a badge
2016-08-14 14:52:03.134000 #swagchat @Kaylee#8413: FeelsAmazingMan
2016-08-14 14:52:04.130000 #swagchat @Blaine#1011: Ah
2016-08-14 14:52:17.977000 #swagchat @mcole41#8188: Im just gonna continue building up to 60. Gonna be a long day though
2016-08-14 14:52:18.266000 #swagchat @Blaine#1011: I have a badge you can't get <:kayyE:189003004823863296>
2016-08-14 14:54:35.278000 #swagchat @NATHSTERS#9113: ice uses xsplit?
2016-08-14 14:54:39.450000 #swagchat @NATHSTERS#9113: (puke)\
2016-08-14 14:54:41.720000 #swagchat @Blaine#1011: Ee
2016-08-14 14:54:44.604000 #swagchat @Blaine#1011: Ew
2016-08-14 14:54:46.513000 #swagchat @NATHSTERS#9113: (puke(
2016-08-14 14:54:49.527000 #swagchat @NATHSTERS#9113: fuck it
2016-08-14 14:55:05.289000 #swagchat @Blaine#1011: It's a Monday for typing
2016-08-14 14:56:16.819000 #swagchat @mcole41#8188: Yep
2016-08-14 15:00:33.698000 #swagchat @mcole41#8188: I might do shared xp
2016-08-14 15:10:02.485000 #swagchat @Blueraven3#3611: 
2016-08-14 15:11:33.266000 #swagchat @Blaine#1011: same
2016-08-14 15:20:06.941000 #swagchat @McMagikarp#6747: Wut
2016-08-14 15:30:24.005000 #swagchat @Blaine#1011: faded started playing haHAA
2016-08-14 15:30:55.653000 #swagchat @Blaine#1011: well faded is better than fade casTBH
2016-08-14 15:31:57.313000 #swagchat @NATHSTERS#9113: 
2016-08-14 15:32:09.446000 #swagchat @Blaine#1011: forsen?
2016-08-14 15:32:22.461000 #swagchat @NATHSTERS#9113: ethan
2016-08-14 15:32:24.661000 #swagchat @Blaine#1011: ah
2016-08-14 15:32:35.224000 #swagchat @Blaine#1011: VapeNation Ethan?
2016-08-14 15:32:53.773000 #swagchat @Blaine#1011: ImEthan
2016-08-14 15:33:11.820000 #swagchat @Blaine#1011: IM ETHAN BRADBERRY
2016-08-14 15:34:00.472000 #swagchat @mcole41#8188: Happy Birthday Nathan
2016-08-14 15:35:48.881000 #swagchat @Blaine#1011: 
2016-08-14 15:35:58.358000 #swagchat @Blaine#1011: <:kayyE:189003004823863296>
2016-08-14 15:36:19.304000 #swagchat @mcole41#8188: Lol
2016-08-14 15:37:38.156000 #swagchat @Kaylee#8413: u little shit
2016-08-14 15:37:44.669000 #swagchat @Kaylee#8413: 7 hr stream  = 7 am stream to blaine
2016-08-14 15:37:46.667000 #swagchat @Kaylee#8413: DansGame
2016-08-14 15:38:01.831000 #swagchat @mcole41#8188: \U0001f602
2016-08-14 15:38:05.461000 #swagchat @Jag#3108: Trying to teach Kaylee to play League DansGame
2016-08-14 15:38:18.108000 #swagchat @mcole41#8188: League lol
2016-08-14 15:38:25.555000 #swagchat @mcole41#8188: I raged at that game
2016-08-14 15:38:26.133000 #swagchat @Kaylee#8413: "teach"
2016-08-14 15:38:29.338000 #swagchat @Kaylee#8413: i already know how to play.
2016-08-14 15:38:29.770000 #swagchat @Blaine#1011: 
2016-08-14 15:38:30.950000 #swagchat @Kaylee#8413: asshole
2016-08-14 15:38:32.475000 #swagchat @Kaylee#8413: WHTP
2016-08-14 15:38:58.655000 #swagchat @mcole41#8188: Get it blaine
2016-08-14 15:39:09.155000 #swagchat @mcole41#8188: Lol
2016-08-14 15:39:21.797000 #swagchat @Blaine#1011: yeah I think I want to be able to sub and not be in debt at the same time LUUL
2016-08-14 15:39:26.574000 #swagchat @mcole41#8188: Kay is it a bad idea to do shared xp?
2016-08-14 15:40:18.911000 #swagchat @GApproved#2774: @Jag Teach her how to Singed LUL
2016-08-14 15:40:28.474000 #swagchat @Blaine#1011: Protip: just add /chat on the end of a twitch URL casNoice
2016-08-14 15:40:18.911000 #swagchat @GApproved#2774: EDIT: 
Before: @Jag Teach her how to Singed LUL
After: @Jag Teach her how to Singed LUUL
2016-08-14 15:40:40.437000 #swagchat @mcole41#8188: Hi @chat
2016-08-14 15:40:44.833000 #swagchat @Blaine#1011: OMGScoots
2016-08-14 15:41:00.353000 #swagchat @NATHSTERS#9113: cole why are you telling me happy birthday <:kayyPls:189003006555979776>
2016-08-14 15:41:01.115000 #swagchat @Kaylee#8413: DansGame
2016-08-14 15:41:01.535000 #swagchat @Blaine#1011: KAYLEE ITS ALMOST NOON kayySPonge
2016-08-14 15:41:05.028000 #swagchat @Blaine#1011: fuk
2016-08-14 15:41:06.906000 #swagchat @mcole41#8188: Idk
2016-08-14 15:41:08.389000 #swagchat @Kaylee#8413: ITS HIGH NOON
2016-08-14 15:41:12.909000 #swagchat @NATHSTERS#9113: high noot
2016-08-14 15:41:15.816000 #swagchat @mcole41#8188: Its not high noon
2016-08-14 15:41:18.844000 #swagchat @mcole41#8188: DansGame
2016-08-14 15:41:22.282000 #swagchat @Blaine#1011: 19 mins until stream FeelsGoodMan
2016-08-14 15:41:27.030000 #swagchat @NATHSTERS#9113: 
2016-08-14 15:41:31.442000 #swagchat @mcole41#8188: Stream at noon?
2016-08-14 15:41:33.049000 #swagchat @Blaine#1011: NOOT NOOT
2016-08-14 15:41:35.432000 #swagchat @Blaine#1011: NOOTNOOT
2016-08-14 15:41:40.075000 #swagchat @mcole41#8188: I heard 7pm
2016-08-14 15:41:43.208000 #swagchat @mcole41#8188: DansGame
2016-08-14 15:42:00.257000 #swagchat @Blaine#1011: it'll be morning somewhere <:bbqK:162516088603672576>
2016-08-14 15:42:09.622000 #swagchat @mcole41#8188: Here
2016-08-14 15:42:21.245000 #swagchat @mcole41#8188: So Noon-7 stream?
2016-08-14 15:42:29.455000 #swagchat @mcole41#8188: Jag
2016-08-14 15:42:35.190000 #swagchat @Jag#3108: idk
2016-08-14 15:42:36.762000 #swagchat @Blaine#1011: actually she could lmao
2016-08-14 15:42:41.168000 #swagchat @Jag#3108: i'll be working so
2016-08-14 15:42:45.841000 #swagchat @Jag#3108: depends how things work out
2016-08-14 15:42:48.092000 #swagchat @NATHSTERS#9113: http://i.imgur.com/xmtEmHz.png
2016-08-14 15:42:48.092000 #swagchat @NATHSTERS#9113: http://i.imgur.com/xmtEmHz.png
2016-08-14 15:42:57.185000 #swagchat @Blaine#1011: nice watermark
2016-08-14 15:42:58.939000 #swagchat @Blaine#1011: TriHard
2016-08-14 15:43:01.863000 #swagchat @Blaine#1011: stolen
2016-08-14 15:43:04.282000 #swagchat @NATHSTERS#9113: fuck ifunny
2016-08-14 15:43:07.294000 #swagchat @NATHSTERS#9113: pos
2016-08-14 15:43:13.147000 #swagchat @Blaine#1011: tbh
2016-08-14 15:43:22.995000 #swagchat @mcole41#8188: Lol Nathan
2016-08-14 15:43:27.216000 #swagchat @NATHSTERS#9113: watermarking memes LUUL
2016-08-14 15:44:02.837000 #swagchat @Blaine#1011: it auto watermarks casTBH
2016-08-14 15:44:17.901000 #swagchat @NATHSTERS#9113: i know?
2016-08-14 15:44:30.716000 #swagchat @Blaine#1011: oh for some reason I thought you  were flames LUUL
2016-08-14 15:44:34.774000 #swagchat @Blaine#1011: I'm not even joking LUUL
2016-08-14 15:44:39.694000 #swagchat @NATHSTERS#9113: LUUL
2016-08-14 15:44:42.553000 #swagchat @Blaine#1011: when you said watermarking
2016-08-14 15:44:43.581000 #swagchat @Blaine#1011: LUUL
2016-08-14 15:44:43.614000 #swagchat @mcole41#8188: LUUUUL
2016-08-14 15:44:48.250000 #swagchat @NATHSTERS#9113: at least it's not 9gatg LUUL
2016-08-14 15:44:53.540000 #swagchat @Blaine#1011: 9gag LUUL
2016-08-14 15:44:56.693000 #swagchat @NATHSTERS#9113: 9gatg
2016-08-14 15:45:06.935000 #swagchat @NATHSTERS#9113: it's just not my day
2016-08-14 15:45:14.807000 #swagchat @NATHSTERS#9113: almost said dad there
2016-08-14 15:45:17.943000 #swagchat @NATHSTERS#9113: but fixed it
2016-08-14 15:45:20.129000 #swagchat @NATHSTERS#9113: FeelsBadMan
2016-08-14 15:45:34.119000 #swagchat @Blaine#1011: you're not my dad PedoBear
2016-08-14 15:47:27.185000 #swagchat @Blaine#1011: https://gyazo.com/1937aee261c2dbd30110a68f9f8d0dfc
2016-08-14 15:47:27.185000 #swagchat @Blaine#1011: https://gyazo.com/1937aee261c2dbd30110a68f9f8d0dfc
2016-08-14 15:47:31.172000 #swagchat @Blaine#1011: I regret everything
2016-08-14 15:47:46.595000 #swagchat @mcole41#8188: Lol
2016-08-14 15:53:43.372000 #swagchat @NATHSTERS#9113: PedoBear
2016-08-14 15:54:23.614000 #swagchat @NATHSTERS#9113: well then
2016-08-14 15:54:24.479000 #swagchat @Casey \u2694\ufe0f#8823: <:cruPF:174141376663912448>
2016-08-14 15:54:28.936000 #swagchat @mcole41#8188: Hi Casey
2016-08-14 15:54:30.897000 #swagchat @Casey \u2694\ufe0f#8823: morning guys
2016-08-14 15:54:39.250000 #swagchat @NATHSTERS#9113: it's nick's playlist <:lirikN:174278714517880832>
2016-08-14 15:54:59.921000 #swagchat @Casey \u2694\ufe0f#8823: eww
2016-08-14 15:55:00.557000 #swagchat @Casey \u2694\ufe0f#8823: why
2016-08-14 15:55:03.753000 #swagchat @mcole41#8188: Im gonna be up all night trying to get to 60-60-60 lmbo
2016-08-14 15:55:17.583000 #swagchat @mcole41#8188: \U0001f602
2016-08-14 15:55:37.440000 #swagchat @NATHSTERS#9113: lmao
2016-08-14 15:56:21.420000 #swagchat @Casey \u2694\ufe0f#8823: did you pause it?
2016-08-14 15:56:39.144000 #swagchat @Casey \u2694\ufe0f#8823: nvm
2016-08-14 15:56:46.364000 #swagchat @NATHSTERS#9113: nah was switching things
2016-08-14 15:57:03.093000 #swagchat @Casey \u2694\ufe0f#8823: ahh
2016-08-14 15:57:12.372000 #swagchat @NATHSTERS#9113: so much chill music forsenSWA
2016-08-14 15:58:29.067000 #swagchat @Blaine#1011: Hold on I'll add the minecraft music for even more chill <:bbqK:162516088603672576>
2016-08-14 15:58:35.920000 #swagchat @NATHSTERS#9113: *sigh*
2016-08-14 15:58:43.599000 #swagchat @NATHSTERS#9113: ost for mc isn't so bad
2016-08-14 15:58:48.750000 #swagchat @NATHSTERS#9113: used to listen to it when I studied
2016-08-14 15:59:01.937000 #swagchat @mcole41#8188: \U0001f602
2016-08-14 15:59:14.420000 #swagchat @Casey \u2694\ufe0f#8823: i feel stupid
2016-08-14 15:59:20.767000 #swagchat @Casey \u2694\ufe0f#8823: i never knew what ost ment
2016-08-14 15:59:30.073000 #swagchat @GApproved#2774: @Casey \u2694\ufe0f  you smart, you loyal. i appreciate you
2016-08-14 15:59:33.484000 #swagchat @Casey \u2694\ufe0f#8823: yet ive been listening to soundtrack music for years
2016-08-14 15:59:35.327000 #swagchat @Casey \u2694\ufe0f#8823: FeelsBadMan
2016-08-14 16:00:57.383000 #swagchat @NATHSTERS#9113: LUUL
2016-08-14 16:02:37.927000 #swagchat @Blaine#1011: Me too casey FeelsBadMan
2016-08-14 16:02:41.853000 #swagchat @Blaine#1011: oh
2016-08-14 16:02:42.980000 #swagchat @NATHSTERS#9113: http://i.imgur.com/r0rzhyv.png
2016-08-14 16:02:42.980000 #swagchat @NATHSTERS#9113: http://i.imgur.com/r0rzhyv.png
2016-08-14 16:02:46.760000 #swagchat @Blaine#1011: DansGame
2016-08-14 16:02:47.646000 #swagchat @NATHSTERS#9113: gold emote trend DansGame
2016-08-14 16:02:52.921000 #swagchat @NATHSTERS#9113: <:lirikOG:212980543438979072>
2016-08-14 16:02:54.498000 #swagchat @Blaine#1011: gold emotes DansGame
2016-08-14 16:02:59.931000 #swagchat @Blaine#1011: gachiGold
2016-08-14 16:03:12.385000 #swagchat @Blaine#1011: gachiGold OLD BUT(T) GOLD gachiGold
2016-08-14 16:03:44.523000 #swagchat @Casey \u2694\ufe0f#8823: golden kappa test gachiGold
2016-08-14 16:03:54.596000 #swagchat @NATHSTERS#9113: !urban hot dog water
2016-08-14 16:03:55.012000 #swagchat @RadioKappa#8541: **Definition #1 out of 7:
**Some know it as the juice left over after you get done boiling hot dogs, others know it as poor mans gravy, but either way, it can be a great additive to many things.

**Example:
**These potatoes are off the chain, how did you make them?

Just mashed up some potatoes and used hotdog water for gravy.
2016-08-14 16:04:09.903000 #swagchat @Casey \u2694\ufe0f#8823: what the heck nathan?
2016-08-14 16:04:12.560000 #swagchat @Casey \u2694\ufe0f#8823: gross btw
2016-08-14 16:04:17.003000 #swagchat @NATHSTERS#9113: LUUL
2016-08-14 16:05:09.519000 #swagchat @Casey \u2694\ufe0f#8823: is that the phrase of the day?
2016-08-14 16:05:17.156000 #swagchat @NATHSTERS#9113: nah this
2016-08-14 16:05:23.201000 #swagchat @NATHSTERS#9113: !urban hot dog water 2
2016-08-14 16:05:23.620000 #swagchat @RadioKappa#8541: **Definition #2 out of 7:
**A very distinct smell that comes from an unwashed fat chick.

**Example:
**That bitch smells like hot dog water.
2016-08-14 16:05:33.704000 #swagchat @mcole41#8188: Hi
2016-08-14 16:05:36.907000 #swagchat @Blaine#1011: Nathan let me do urban in the #radio-kappa BabyRage
2016-08-14 16:05:37.679000 #swagchat @GApproved#2774: FailFish
2016-08-14 16:05:46.312000 #swagchat @GApproved#2774: howdy mister cole
2016-08-14 16:05:50.455000 #swagchat @mcole41#8188: Hi
2016-08-14 16:06:07.899000 #swagchat @mcole41#8188: 34 total lvls to go
2016-08-14 16:06:18.692000 #swagchat @Casey \u2694\ufe0f#8823: til what?
2016-08-14 16:06:19.162000 #swagchat @mcole41#8188: Sorry 54 lvls to go
2016-08-14 16:06:27.238000 #swagchat @mcole41#8188: Tell 60-60-60
2016-08-14 16:06:36.419000 #swagchat @Casey \u2694\ufe0f#8823: ohh
2016-08-14 16:06:41.996000 #swagchat @Casey \u2694\ufe0f#8823: also eww runescape
2016-08-14 16:07:48.640000 #swagchat @GApproved#2774: \ Kappa / who is ready to jump?! \ Kappa /
2016-08-14 16:08:14.168000 #swagchat @NATHSTERS#9113: forsenRope FeelsBadMan
2016-08-14 16:08:21.184000 #swagchat @NATHSTERS#9113: WOW
2016-08-14 16:08:23.765000 #swagchat @NATHSTERS#9113: they removed it
2016-08-14 16:08:34.057000 #swagchat @Casey \u2694\ufe0f#8823: whaaaaat
2016-08-14 16:10:33.755000 #swagchat @Stoner_Minded#7675: dam they took away forsenRope
2016-08-14 16:10:41.839000 #swagchat @Stoner_Minded#7675: FeelsBadMan
2016-08-14 16:11:05.879000 #swagchat @mcole41#8188: **Definition #1 out of 1:
**A game you can play on runescape. The aim of the game is to steal the other teams flags while the other people chop the shit out of eachother VERY FUN :D

**Example:
**Noob1: Im going to play castle wars
Noob2: Fuck me
Noob1: Fuck me harder
Noob2: Dud this is pointless
2016-08-14 16:15:04.375000 #swagchat @Casey \u2694\ufe0f#8823: ugys
2016-08-14 16:15:04.375000 #swagchat @Casey \u2694\ufe0f#8823: EDIT: 
Before: ugys
After: guys
2016-08-14 16:15:09.289000 #swagchat @Casey \u2694\ufe0f#8823: http://puu.sh/qB5Rt/55d120b712.jpg
2016-08-14 16:15:09.289000 #swagchat @Casey \u2694\ufe0f#8823: http://puu.sh/qB5Rt/55d120b712.jpg
2016-08-14 16:15:23.167000 #swagchat @Casey \u2694\ufe0f#8823: chocolate... WITH PISTACHIOS
2016-08-14 16:16:05.929000 #swagchat @GApproved#2774: Kreygasm pls send
2016-08-14 16:16:12.446000 #swagchat @Myrddin#8431: RIP wallets
2016-08-14 16:16:15.135000 #swagchat @NATHSTERS#9113: nom
2016-08-14 16:17:41.294000 #swagchat @NATHSTERS#9113: I don't remember this part
2016-08-14 16:17:47.653000 #swagchat @NATHSTERS#9113: 3 years old <:kayyWot:189002999027335168>
2016-08-14 16:22:36.709000 #swagchat @NATHSTERS#9113: Please stop recommending me his videos http://i.imgur.com/xj7coaP.png LUUL
2016-08-14 16:22:36.709000 #swagchat @NATHSTERS#9113: Please stop recommending me his videos http://i.imgur.com/xj7coaP.png LUUL
2016-08-14 16:25:00.295000 #swagchat @mcole41#8188: Nathan
2016-08-14 16:25:06.242000 #swagchat @mcole41#8188: I sent a FR
2016-08-14 16:25:37.748000 #swagchat @GApproved#2774: META DRAMA ALERT EleGiggle
2016-08-14 16:26:11.881000 #swagchat @NATHSTERS#9113: oh what
2016-08-14 16:26:36.296000 #swagchat @NATHSTERS#9113: on*
2016-08-14 16:27:30.336000 #swagchat @mcole41#8188: Here
2016-08-14 16:27:54.348000 #swagchat @mcole41#8188: On discord
2016-08-14 16:28:34.665000 #swagchat @GApproved#2774: Kappa // Kappa // Kappa // Kappa //
2016-08-14 16:29:16.722000 #swagchat @Blaine#1011: Omg
2016-08-14 16:29:17.237000 #swagchat @Blaine#1011: 
2016-08-14 16:29:26.668000 #swagchat @Blaine#1011: I though these didn't exist anymore
2016-08-14 16:29:33.418000 #swagchat @Jag#3108: nah they do
2016-08-14 16:29:45.621000 #swagchat @NATHSTERS#9113: hey jag
2016-08-14 16:29:49.185000 #swagchat @Jag#3108: hi
2016-08-14 16:29:55.183000 #swagchat @NATHSTERS#9113: you tried twinkies when you were here
2016-08-14 16:30:01.986000 #swagchat @Blueraven3#3611: My fav twizzlers are the sweet and sour filled ones. Nearly impossible to find
2016-08-14 16:30:07.631000 #swagchat @Casey \u2694\ufe0f#8823: mmm skittles
2016-08-14 16:30:18.713000 #swagchat @Blaine#1011: I had a twinkie before they were gone FeelsBirthdayMan
2016-08-14 16:30:30.540000 #swagchat @NATHSTERS#9113: they make them again
2016-08-14 16:30:35.070000 #swagchat @Blaine#1011: Yeah LUUL
2016-08-14 16:30:40.489000 #swagchat @NATHSTERS#9113: someone else bought them
2016-08-14 16:31:02.649000 #swagchat @Casey \u2694\ufe0f#8823: ive seen these in sams
2016-08-14 16:31:03.246000 #swagchat @Casey \u2694\ufe0f#8823: http://puu.sh/qB6IN/92295a3bc9.jpg
2016-08-14 16:31:03.246000 #swagchat @Casey \u2694\ufe0f#8823: http://puu.sh/qB6IN/92295a3bc9.jpg
2016-08-14 16:31:11.267000 #swagchat @Casey \u2694\ufe0f#8823: jumbo ass bag of sour skittles
2016-08-14 16:31:18.108000 #swagchat @NATHSTERS#9113: yum
2016-08-14 16:31:23.196000 #swagchat @Casey \u2694\ufe0f#8823: i bought a regular bag about a year ago and still have it
2016-08-14 16:31:29.416000 #swagchat @Casey \u2694\ufe0f#8823: too many skittles for one person
2016-08-14 16:31:36.030000 #swagchat @Jag#3108: there can never
2016-08-14 16:31:38.270000 #swagchat @Jag#3108: be too many skittles
2016-08-14 16:31:39.533000 #swagchat @Jag#3108: for one person
2016-08-14 16:31:43.891000 #swagchat @mcole41#8188: Nathan i req on discord
2016-08-14 16:31:49.842000 #swagchat @Jag#3108: and yeah I tried twinkies Nathan
2016-08-14 16:31:51.193000 #swagchat @Jag#3108: Overrated
2016-08-14 16:31:56.097000 #swagchat @Casey \u2694\ufe0f#8823: ^
2016-08-14 16:32:00.132000 #swagchat @Blaine#1011: ^
2016-08-14 16:32:02.299000 #swagchat @NATHSTERS#9113: ^
2016-08-14 16:32:06.703000 #swagchat @Blaine#1011: Lots of shit in them too
2016-08-14 16:32:09.547000 #swagchat @Casey \u2694\ufe0f#8823: all fried american snack food like that is overrated
2016-08-14 16:32:14.059000 #swagchat @NATHSTERS#9113: now
2016-08-14 16:32:15.043000 #swagchat @Blaine#1011: Nah man
2016-08-14 16:32:17.541000 #swagchat @Casey \u2694\ufe0f#8823: like ho hos and ding dongs..
2016-08-14 16:32:20.276000 #swagchat @Casey \u2694\ufe0f#8823: those are shit
2016-08-14 16:32:20.363000 #swagchat @Blaine#1011: Not in Iowa
2016-08-14 16:32:20.838000 #swagchat @NATHSTERS#9113: go to
2016-08-14 16:32:26.137000 #swagchat @GApproved#2774: WE DEM BOYZ TriHard
2016-08-14 16:32:26.088000 #swagchat @NATHSTERS#9113: a state fair or something
2016-08-14 16:32:28.262000 #swagchat @Blaine#1011: We fry oreos
2016-08-14 16:32:31.604000 #swagchat @Jag#3108: snowballs
2016-08-14 16:32:33.503000 #swagchat @NATHSTERS#9113: and get deep fried stuff
2016-08-14 16:32:33.593000 #swagchat @Jag#3108: that I can get behind
2016-08-14 16:32:34.633000 #swagchat @NATHSTERS#9113: %
2016-08-14 16:32:35.666000 #swagchat @NATHSTERS#9113: ^
2016-08-14 16:32:35.887000 #swagchat @Casey \u2694\ufe0f#8823: state fairs are different
2016-08-14 16:32:37.776000 #swagchat @Jag#3108: Still overrated but much nicer
2016-08-14 16:32:55.404000 #swagchat @NATHSTERS#9113: deep fried ice cream Kreygasm
2016-08-14 16:32:58.786000 #swagchat @Casey \u2694\ufe0f#8823: cause its fresh fried and not processed with endless perservatives to sit on shelves in grocery stores for years
2016-08-14 16:33:14.043000 #swagchat @NATHSTERS#9113: TriHard
2016-08-14 16:33:21.753000 #swagchat @NATHSTERS#9113: who queued this lmao
2016-08-14 16:33:32.347000 #swagchat @mcole41#8188: Oh i can't send friend req to nathan
2016-08-14 16:33:39.041000 #swagchat @NATHSTERS#9113: ?
2016-08-14 16:33:40.697000 #swagchat @NATHSTERS#9113: on what
2016-08-14 16:33:47.426000 #swagchat @mcole41#8188: Discord
2016-08-14 16:33:56.044000 #swagchat @Casey \u2694\ufe0f#8823: im going to guess it was jag
2016-08-14 16:34:05.773000 #swagchat @NATHSTERS#9113: oooh
2016-08-14 16:34:11.519000 #swagchat @NATHSTERS#9113: yeah I have them turned off
2016-08-14 16:34:17.118000 #swagchat @NATHSTERS#9113: a lot of bots added me on day
2016-08-14 16:34:20.379000 #swagchat @NATHSTERS#9113: one*
2016-08-14 16:34:20.587000 #swagchat @GApproved#2774: Yeah it was totally Jag Kappa
2016-08-14 16:34:24.510000 #swagchat @mcole41#8188: Oh
2016-08-14 16:34:29.561000 #swagchat @mcole41#8188: Can you send me a req
2016-08-14 16:34:34.916000 #swagchat @Casey \u2694\ufe0f#8823: so thats why you never added me? <:cruS:193319231939411968>
2016-08-14 16:34:39.721000 #swagchat @NATHSTERS#9113: LUUL
2016-08-14 16:34:49.089000 #swagchat @NATHSTERS#9113: there LUUL
2016-08-14 16:35:05.997000 #swagchat @NATHSTERS#9113: HE SAID IT
2016-08-14 16:35:09.427000 #swagchat @NATHSTERS#9113: TriHard
2016-08-14 16:35:13.127000 #swagchat @GApproved#2774: MAN DID YOU SEE HER ANTERIOR TriHard
2016-08-14 16:35:53.150000 #swagchat @Casey \u2694\ufe0f#8823: senpai added me on discord <:cruPLS:174141363678478336>
2016-08-14 16:35:57.497000 #swagchat @Casey \u2694\ufe0f#8823: heh
2016-08-14 16:35:59.268000 #swagchat @McMagikarp#6747: Harrow?
2016-08-14 16:36:04.735000 #swagchat @NATHSTERS#9113: yol
2016-08-14 16:36:05.212000 #swagchat @Casey \u2694\ufe0f#8823: hi muffin
2016-08-14 16:36:08.884000 #swagchat @NATHSTERS#9113: yo* LUUL
2016-08-14 16:36:09.525000 #swagchat @GApproved#2774: Yes, hello. This is dog. OhMyDog
2016-08-14 16:36:21.419000 #swagchat @Casey \u2694\ufe0f#8823: and this is doggy butt <:wgrBUTT:164616650652516352>
2016-08-14 16:36:33.336000 #swagchat @NATHSTERS#9113: <:lirikLEWD:164584717352435712>
2016-08-14 16:36:44.813000 #swagchat @McMagikarp#6747: FailFish
2016-08-14 16:36:46.907000 #swagchat @NATHSTERS#9113: 
2016-08-14 16:37:04.475000 #swagchat @GApproved#2774: HotPokket
2016-08-14 16:37:06.617000 #swagchat @GApproved#2774: TriHard
2016-08-14 16:37:11.418000 #swagchat @NATHSTERS#9113: WAITR
2016-08-14 16:37:12.722000 #swagchat @NATHSTERS#9113: WAIT
2016-08-14 16:37:15.673000 #swagchat @NATHSTERS#9113: JUST A SEC
2016-08-14 16:37:21.102000 #swagchat @NATHSTERS#9113: Trihex is a weeb?
2016-08-14 16:37:29.254000 #swagchat @GApproved#2774: It would seem so
2016-08-14 16:37:36.585000 #swagchat @Casey \u2694\ufe0f#8823: what am i listening to ?
2016-08-14 16:37:37.577000 #swagchat @NATHSTERS#9113: !skip
2016-08-14 16:37:37.887000 #swagchat @RadioKappa#8541: Skipping...
2016-08-14 16:37:41.391000 #swagchat @NATHSTERS#9113: Trihex
2016-08-14 16:37:44.441000 #swagchat @NATHSTERS#9113: and making of TriHard
2016-08-14 16:37:47.335000 #swagchat @Casey \u2694\ufe0f#8823: hmm
2016-08-14 16:37:53.496000 #swagchat @NATHSTERS#9113: ANELE
2016-08-14 16:37:54.334000 #swagchat @GApproved#2774: ANELE
2016-08-14 16:38:23.006000 #swagchat @Casey \u2694\ufe0f#8823: ANELE ANELE ANELE ANELE ANELE ANELE
2016-08-14 16:38:27.268000 #swagchat @Casey \u2694\ufe0f#8823: SourPls
2016-08-14 16:38:31.829000 #swagchat @Blaine#1011: ANELE
2016-08-14 16:38:37.304000 #swagchat @Casey \u2694\ufe0f#8823: Kreygasm
2016-08-14 16:38:42.310000 #swagchat @NATHSTERS#9113: allahu akbaahahaaaa
2016-08-14 16:39:23.644000 #swagchat @Blaine#1011: ANELE
2016-08-14 16:39:26.138000 #swagchat @Blaine#1011: BEEP
2016-08-14 16:39:28.428000 #swagchat @Blaine#1011: KAPOW
2016-08-14 16:39:36.694000 #swagchat @GApproved#2774: HassanChop HassaanChop ANELE HassanChop HassaanChop ANELE HassanChop HassaanChop ANELE HassanChop HassaanChop ANELE HassanChop HassaanChop ANELE HassanChop HassaanChop ANELE
2016-08-14 16:40:25.179000 #swagchat @NATHSTERS#9113: LUUL
2016-08-14 16:40:48.930000 #swagchat @Casey \u2694\ufe0f#8823: <:cruPF:174141376663912448>
2016-08-14 16:40:52.304000 #swagchat @GApproved#2774: SourPls
2016-08-14 16:40:53.489000 #swagchat @Casey \u2694\ufe0f#8823: went from something so good
2016-08-14 16:40:56.129000 #swagchat @Casey \u2694\ufe0f#8823: to this
2016-08-14 16:40:59.132000 #swagchat @NATHSTERS#9113: FeelsBadMan
2016-08-14 16:41:02.749000 #swagchat @GApproved#2774: Chip The Ripper is my homie
2016-08-14 16:41:05.574000 #swagchat @Blaine#1011: OSsloth
2016-08-14 16:41:07.102000 #swagchat @Casey \u2694\ufe0f#8823: mmkay
2016-08-14 16:41:16.444000 #swagchat @Casey \u2694\ufe0f#8823: or not
2016-08-14 16:45:30.066000 #swagchat @Casey \u2694\ufe0f#8823: yaaaas
2016-08-14 16:45:31.684000 #swagchat @Casey \u2694\ufe0f#8823: more friends
2016-08-14 16:45:32.052000 #swagchat @Kaylee#8413: TriHard is a VoHiYo
2016-08-14 16:45:45.613000 #swagchat @Casey \u2694\ufe0f#8823: kaylee is a VohiYo
2016-08-14 16:45:49.478000 #swagchat @Casey \u2694\ufe0f#8823: VoHiYo
2016-08-14 16:46:11.854000 #swagchat @Jag#3108: 
2016-08-14 16:46:34.522000 #swagchat @mcole41#8188: Lol
2016-08-14 16:46:47.020000 #swagchat @GApproved#2774: Albinism can strike at any second
2016-08-14 16:46:55.379000 #swagchat @Blaine#1011: 
2016-08-14 16:46:55.864000 #swagchat @NATHSTERS#9113: ook
2016-08-14 16:47:00.184000 #swagchat @Blaine#1011: 
2016-08-14 16:47:05.441000 #swagchat @Blaine#1011: 
2016-08-14 16:47:07.682000 #swagchat @NATHSTERS#9113: ROOOOOOOOING
2016-08-14 16:47:09.821000 #swagchat @NATHSTERS#9113: ROOOOOIT
2016-08-14 16:47:10.328000 #swagchat @Blaine#1011: 
2016-08-14 16:47:14.190000 #swagchat @NATHSTERS#9113: INTO THE DMS
2016-08-14 16:47:14.656000 #swagchat @Blaine#1011: casey ^
2016-08-14 16:47:14.656000 #swagchat @Blaine#1011: EDIT: 
Before: casey ^
After: Casey ^
2016-08-14 16:47:56.658000 #swagchat @Casey \u2694\ufe0f#8823: LUUL
2016-08-14 16:51:47.706000 #swagchat @NATHSTERS#9113: LOLL
2016-08-14 16:51:50.885000 #swagchat @GApproved#2774: PogChamp
2016-08-14 16:51:59.278000 #swagchat @Blaine#1011: 4Head
2016-08-14 16:52:07.029000 #swagchat @Blaine#1011: @Kaylee
2016-08-14 16:55:23.151000 #swagchat @GApproved#2774: _notes down the date mentioned in video_
2016-08-14 16:58:50.760000 #swagchat @Jag#3108: Wat
2016-08-14 16:59:43.817000 #swagchat @Jag#3108: Oooooh some cute girl i know just messaged me
2016-08-14 16:59:53.611000 #swagchat @Jag#3108: This is turning into a good poop
2016-08-14 16:59:59.587000 #swagchat @Blaine#1011: 4Head
2016-08-14 17:00:06.235000 #swagchat @Blaine#1011: wait Jag
2016-08-14 17:00:06.638000 #swagchat @GApproved#2774: We're gonna need more commentary
2016-08-14 17:00:10.437000 #swagchat @Blaine#1011: I didn't message you
2016-08-14 17:00:28.203000 #swagchat @Blaine#1011: MiniK
2016-08-14 17:00:36.410000 #swagchat @Jag#3108: Her name has an i in it
2016-08-14 17:01:08.231000 #swagchat @NATHSTERS#9113: 
2016-08-14 17:01:31.945000 #swagchat @Blaine#1011: Jag
2016-08-14 17:01:37.100000 #swagchat @Blaine#1011: Siri doesn't count
2016-08-14 17:01:41.099000 #swagchat @Blaine#1011: FeelsBadMan
2016-08-14 17:02:19.602000 #swagchat @Jag#3108: Not siri
2016-08-14 17:02:25.256000 #swagchat @Jag#3108: Now the question you need to ask
2016-08-14 17:02:30.703000 #swagchat @Blaine#1011: forsenE
2016-08-14 17:02:34.218000 #swagchat @Jag#3108: Is does Kaylees name have an i in it xD
2016-08-14 17:02:42.670000 #swagchat @Blaine#1011: Nicole Kappa
2016-08-14 17:03:20.189000 #swagchat @Jag#3108: Ayy
2016-08-14 17:03:23.134000 #swagchat @Casey \u2694\ufe0f#8823: <:bbqE:162516087450107904>
2016-08-14 17:04:36.765000 #swagchat @GApproved#2774: <:bbqH:196807051756830720>
2016-08-14 17:05:17.788000 #swagchat @Blaine#1011: https://gyazo.com/8a22765c367c7dcd8f5bfc6180f99b48
2016-08-14 17:05:17.788000 #swagchat @Blaine#1011: https://gyazo.com/8a22765c367c7dcd8f5bfc6180f99b48
2016-08-14 17:05:19.090000 #swagchat @Blaine#1011: help me
2016-08-14 17:05:42.898000 #swagchat @Jag#3108: is that
2016-08-14 17:05:43.716000 #swagchat @Jag#3108: a mac
2016-08-14 17:05:56.104000 #swagchat @Blaine#1011: yes
2016-08-14 17:05:58.646000 #swagchat @Blaine#1011: I'm a mac fag
2016-08-14 17:06:11.836000 #swagchat @Blaine#1011: I almost have enough money to build a PC though
2016-08-14 17:06:21.153000 #swagchat @Blaine#1011: I'm just using the family computer LUUL\
2016-08-14 17:06:21.153000 #swagchat @Blaine#1011: EDIT: 
Before: I'm just using the family computer LUUL\
After: I'm just using the family computer LUUL
2016-08-14 17:07:17.978000 #swagchat @Blaine#1011: but I've pretty much taken over it because no one uses it anymore 4Head
2016-08-14 17:07:23.002000 #swagchat @Jag#3108: ew
2016-08-14 17:07:24.726000 #swagchat @Jag#3108: good
2016-08-14 17:07:27.555000 #swagchat @Casey \u2694\ufe0f#8823: mac fag LUUL
2016-08-14 17:07:33.086000 #swagchat @Jag#3108: move in with me and Kaylee
2016-08-14 17:07:34.270000 #swagchat @Jag#3108: Kappa
2016-08-14 17:07:39.405000 #swagchat @Casey \u2694\ufe0f#8823: WAIT
2016-08-14 17:07:43.090000 #swagchat @Casey \u2694\ufe0f#8823: is that an option?
2016-08-14 17:07:43.394000 #swagchat @Blaine#1011: Alright <:bbqK:162516088603672576>
2016-08-14 17:07:47.431000 #swagchat @Jag#3108: yes
2016-08-14 17:07:53.024000 #swagchat @Jag#3108: but we all share one bed
2016-08-14 17:07:54.963000 #swagchat @Casey \u2694\ufe0f#8823: cause ill pay rent!! <:bbqO:162516086263250944>
2016-08-14 17:07:58.907000 #swagchat @Casey \u2694\ufe0f#8823: eww
2016-08-14 17:08:07.902000 #swagchat @Jag#3108: you can sleep on the floor
2016-08-14 17:08:11.807000 #swagchat @Jag#3108: or in a suit *case*
2016-08-14 17:08:17.405000 #swagchat @Casey \u2694\ufe0f#8823: ...
2016-08-14 17:08:17.685000 #swagchat @Blaine#1011: @KleptoBismol45
2016-08-14 17:08:17.876000 #swagchat @Blaine#1011: 
2016-08-14 17:08:19.663000 #swagchat @Casey \u2694\ufe0f#8823: bitch
2016-08-14 17:08:29.671000 #swagchat @Jag#3108: wow
2016-08-14 17:08:31.271000 #swagchat @Jag#3108: that's rude
2016-08-14 17:08:40.931000 #swagchat @Jag#3108: I'm so nice as to offer you a place in our home
2016-08-14 17:08:42.429000 #swagchat @Casey \u2694\ufe0f#8823: sleeping in a case DansGame
2016-08-14 17:08:45.262000 #swagchat @Blaine#1011: Jag and I can sleep in the bed but Kaylee will have to have the couch gachiGASM <:bbqK:162516088603672576>
2016-08-14 17:08:50.632000 #swagchat @Casey \u2694\ufe0f#8823: its okay ill just sleep in a tent in the backyard
2016-08-14 17:08:52.209000 #swagchat @Jag#3108: exacylu
2016-08-14 17:08:53.939000 #swagchat @Casey \u2694\ufe0f#8823: AND NOT PAY RENT
2016-08-14 17:08:54.644000 #swagchat @Jag#3108: exactly
2016-08-14 17:08:58.016000 #swagchat @Blaine#1011: Case sleeping in a case
2016-08-14 17:09:00.944000 #swagchat @Blaine#1011: Brobalt
2016-08-14 17:09:00.944000 #swagchat @Blaine#1011: EDIT: 
Before: Brobalt
After: BroBalt
2016-08-14 17:09:31.995000 #swagchat @Jag#3108: yea
2016-08-14 17:09:36.998000 #swagchat @Blaine#1011: One day I'll fly down and meet you guys lol
2016-08-14 17:09:44.656000 #swagchat @Jag#3108: you'll still pay rent if you use our backyard
2016-08-14 17:09:45.707000 #swagchat @Casey \u2694\ufe0f#8823: SourPls
2016-08-14 17:09:47.714000 #swagchat @Blaine#1011: But I'm 16 so I don't think I can yet LUUL
2016-08-14 17:09:47.982000 #swagchat @Jag#3108: unless you want no interwebbs
2016-08-14 17:09:49.369000 #swagchat @NATHSTERS#9113: SourPls
2016-08-14 17:09:56.022000 #swagchat @Casey \u2694\ufe0f#8823: ill pay for internet
2016-08-14 17:09:58.676000 #swagchat @Casey \u2694\ufe0f#8823: BUT THATS IT
2016-08-14 17:10:08.900000 #swagchat @Jag#3108: what about the toilets
2016-08-14 17:10:12.602000 #swagchat @Casey \u2694\ufe0f#8823: i demand kitchen and bathroom privleges for free
2016-08-14 17:10:14.159000 #swagchat @Jag#3108: are you gonna shit in the grass?
2016-08-14 17:10:20.507000 #swagchat @NATHSTERS#9113: I'll pay for half a toilet
2016-08-14 17:10:21.071000 #swagchat @Blaine#1011: wait
2016-08-14 17:10:25.860000 #swagchat @Kaylee#8413: .
2016-08-14 17:10:12.602000 #swagchat @Casey \u2694\ufe0f#8823: EDIT: 
Before: i demand kitchen and bathroom privleges for free
After: i demand kitchen and bathroom privileges for free
2016-08-14 17:10:31.217000 #swagchat @Blaine#1011: people don't shit in the grass?
2016-08-14 17:10:48.622000 #swagchat @Blaine#1011: did she <:bbqW:164841342462066688> ?
2016-08-14 17:10:49.461000 #swagchat @Casey \u2694\ufe0f#8823: not unless they live in canada
2016-08-14 17:10:51.156000 #swagchat @Blaine#1011: I can't see it
2016-08-14 17:10:56.428000 #swagchat @Blaine#1011: oh it's a .
2016-08-14 17:11:09.864000 #swagchat @Casey \u2694\ufe0f#8823: LUUL
2016-08-14 17:11:15.012000 #swagchat @Casey \u2694\ufe0f#8823: KAYLEE WE KNOW YOU ARE THERE
2016-08-14 17:11:18.238000 #swagchat @Casey \u2694\ufe0f#8823: COME OUT AND PLAY
2016-08-14 17:11:19.682000 #swagchat @Blaine#1011: Sorry Kaylee you're being evicted <:kayyE:189003004823863296>
2016-08-14 17:11:32.662000 #swagchat @Jag#3108: we're playing wow
2016-08-14 17:11:37.432000 #swagchat @Casey \u2694\ufe0f#8823: eww
2016-08-14 17:11:40.227000 #swagchat @Casey \u2694\ufe0f#8823: FeelsBadMan
2016-08-14 17:12:00.819000 #swagchat @NATHSTERS#9113: (puke)
2016-08-14 17:12:01.821000 #swagchat @Blaine#1011: I should probably learn how to do it
2016-08-14 17:12:03.530000 #swagchat @Blaine#1011: wait
2016-08-14 17:12:06.174000 #swagchat @Blaine#1011: subbed Wow?
2016-08-14 17:12:06.174000 #swagchat @Blaine#1011: EDIT: 
Before: subbed Wow?
After: subbed WoW?
2016-08-14 17:12:13.059000 #swagchat @Jag#3108: yes
2016-08-14 17:12:14.015000 #swagchat @NATHSTERS#9113: i would hope so
2016-08-14 17:12:15.454000 #swagchat @Blaine#1011: nvm LUUL
2016-08-14 17:12:18.334000 #swagchat @Jag#3108: retail is the only way to play
2016-08-14 17:12:23.122000 #swagchat @Jag#3108: privates were always meh
2016-08-14 17:15:03.868000 #swagchat @Blaine#1011: DJKay TriHard /
2016-08-14 17:15:06 #swagchat @Blaine#1011: nymnPls
2016-08-14 17:19:43.813000 #swagchat @mcole41#8188: Hi
2016-08-14 17:23:01.455000 #swagchat @Kaylee#8413: 
2016-08-14 17:23:02.818000 #swagchat @Kaylee#8413: Kreygasm
2016-08-14 17:24:45.243000 #swagchat @NATHSTERS#9113: @RadioKappa what do you think of kaylee
2016-08-14 17:24:45.785000 #swagchat @RadioKappa#8541: I think you are pretty.
2016-08-14 17:24:48.824000 #swagchat @NATHSTERS#9113: LUUL
2016-08-14 17:24:51.386000 #swagchat @Kaylee#8413: LUUL
2016-08-14 17:24:52.224000 #swagchat @Kaylee#8413: THANKS
2016-08-14 17:24:52.640000 #swagchat @Kaylee#8413: \u2764
2016-08-14 17:24:57.095000 #swagchat @NATHSTERS#9113: @RadioKappa liar
2016-08-14 17:24:59.145000 #swagchat @RadioKappa#8541: I thought we were married though.
2016-08-14 17:25:40.461000 #swagchat @GApproved#2774: LUUL
2016-08-14 17:26:34.228000 #swagchat @Kaylee#8413: LOOOL
2016-08-14 17:29:02.004000 #swagchat @mcole41#8188: Wtf
2016-08-14 17:29:08.679000 #swagchat @mcole41#8188: Radio Kappa
2016-08-14 17:29:10.146000 #swagchat @mcole41#8188: \U0001f602
2016-08-14 17:29:23.329000 #swagchat @mcole41#8188: *Jag* - So you did cheat on me
2016-08-14 17:29:29.331000 #swagchat @Jag#3108: wat
2016-08-14 17:29:37.696000 #swagchat @mcole41#8188: Kappa
2016-08-14 17:29:43.428000 #swagchat @Jag#3108: !8 is mcole gay?
2016-08-14 17:29:43.537000 #swagchat @RadioKappa#8541: `Don't count on it`
2016-08-14 17:29:45.383000 #swagchat @mcole41#8188: Radio Kappa
2016-08-14 17:29:46.145000 #swagchat @Jag#3108: Kappa
2016-08-14 17:29:53.200000 #swagchat @Faking#6845: ha
2016-08-14 17:30:06.356000 #swagchat @Blueraven3#3611: !8 is jag gay?
2016-08-14 17:30:07.258000 #swagchat @mcole41#8188: Im not Gay \U0001f633
2016-08-14 17:30:11.955000 #swagchat @mcole41#8188: Doubt it
2016-08-14 17:30:22.524000 #swagchat @Jag#3108: !8 Is Kaylee shit at WoW?
2016-08-14 17:30:22.625000 #swagchat @RadioKappa#8541: `Outlook good`
2016-08-14 17:30:35.367000 #swagchat @mcole41#8188: !8 am i shit at WoW
2016-08-14 17:30:39.149000 #swagchat @mcole41#8188: \U0001f44f
2016-08-14 17:30:41.192000 #swagchat @NATHSTERS#9113: @Kaylee what do you think about legion
2016-08-14 17:30:49.460000 #swagchat @NATHSTERS#9113: @RadioKappa what do you think about legion
2016-08-14 17:30:50.829000 #swagchat @RadioKappa#8541: I think about you.
2016-08-14 17:30:54.731000 #swagchat @NATHSTERS#9113: mwah
2016-08-14 17:30:55.329000 #swagchat @Jag#3108: lol what
2016-08-14 17:30:58.506000 #swagchat @mcole41#8188: \U0001f602\U0001f602\U0001f602
2016-08-14 17:31:03.297000 #swagchat @Jag#3108: are you replying on the bot or
2016-08-14 17:31:09.774000 #swagchat @NATHSTERS#9113: meant to @ the bot
2016-08-14 17:31:12.095000 #swagchat @NATHSTERS#9113: Oh no
2016-08-14 17:31:17.904000 #swagchat @NATHSTERS#9113: It's connected to cleverbot or some shit
2016-08-14 17:31:26.860000 #swagchat @Jag#3108: @RadioKappa Are you a faggot
2016-08-14 17:31:28.382000 #swagchat @RadioKappa#8541: I'm a big fan of the wanted!
2016-08-14 17:31:31.470000 #swagchat @Jag#3108: LOOOOOL
2016-08-14 17:31:34.905000 #swagchat @mcole41#8188: Lmao
2016-08-14 17:31:42.039000 #swagchat @Jag#3108: (That's a boy band here - idk if its in US too)
2016-08-14 17:31:42.183000 #swagchat @GApproved#2774: Well then
2016-08-14 17:31:54.829000 #swagchat @GApproved#2774: Plenty of The Wanted fangirls here too
2016-08-14 17:32:00.777000 #swagchat @mcole41#8188: Im hungry
2016-08-14 17:32:05.732000 #swagchat @mcole41#8188: Gonna eat real quick
2016-08-14 17:32:08.036000 #swagchat @mcole41#8188: \U0001f603
2016-08-14 17:32:48.567000 #swagchat @NATHSTERS#9113: haha
2016-08-14 17:34:52.262000 #swagchat @Jag#3108: @RadioKappa does Nathan have a big penis
2016-08-14 17:34:54.600000 #swagchat @RadioKappa#8541: What are you talking about?
2016-08-14 17:35:00.438000 #swagchat @Jag#3108: @RadioKappa His penis
2016-08-14 17:35:01.740000 #swagchat @RadioKappa#8541: That's inappropriate.
2016-08-14 17:35:11.962000 #swagchat @Jag#3108: @RadioKappa Yes but is it small?
2016-08-14 17:35:20.183000 #swagchat @mcole41#8188: \U0001f602
2016-08-14 17:35:25.904000 #swagchat @RadioKappa#8541: You can never be sure.
2016-08-14 17:35:31.635000 #swagchat @Jag#3108: @RadioKappa Is it small though, tell me?
2016-08-14 17:35:33.061000 #swagchat @RadioKappa#8541: Is what small?
2016-08-14 17:35:37.386000 #swagchat @Jag#3108: @RadioKappa HIS PENIS
2016-08-14 17:35:37.894000 #swagchat @mcole41#8188: Lmao
2016-08-14 17:35:38.008000 #swagchat @RadioKappa#8541: You know I haven't!
2016-08-14 17:35:46.780000 #swagchat @Jag#3108: @RadioKappa Is Nathan's willy things thong small?>
2016-08-14 17:35:47.921000 #swagchat @RadioKappa#8541: Not me I told you my name is nathu already :.
2016-08-14 17:35:53.215000 #swagchat @Jag#3108: @RadioKappa I didn't say it was faggot
2016-08-14 17:35:55.035000 #swagchat @RadioKappa#8541: You just said it was God.
2016-08-14 17:36:01.827000 #swagchat @Jag#3108: @RadioKappa No I didn't you autistic fuck
2016-08-14 17:36:02.358000 #swagchat @RadioKappa#8541: What is your biggest fear.
2016-08-14 17:36:03.777000 #swagchat @mcole41#8188: \U0001f602\U0001f602\U0001f602\U0001f602
2016-08-14 17:36:06.333000 #swagchat @Jag#3108: @RadioKappa Talking to you faggot
2016-08-14 17:36:07.953000 #swagchat @RadioKappa#8541: Don't you have anything else to do?
2016-08-14 17:36:08.741000 #swagchat @Kaylee#8413: STOP
2016-08-14 17:36:15.660000 #swagchat @mcole41#8188: Im about to die
2016-08-14 17:36:20.965000 #swagchat @mcole41#8188: Die laughing
2016-08-14 17:36:27.004000 #swagchat @Jag#3108: I have to stop
2016-08-14 17:36:29.536000 #swagchat @Jag#3108: Kaylee is mad at me
2016-08-14 17:36:39.991000 #swagchat @mcole41#8188: STOP MAKING ME CHOKE ON CHIPS
2016-08-14 17:37:05.337000 #swagchat @Kaylee#8413: !song
2016-08-14 17:37:06.931000 #swagchat @Kaylee#8413: there we go
2016-08-14 17:37:12.793000 #swagchat @Kaylee#8413: cant spam the bot in this channel
2016-08-14 17:37:20.789000 #swagchat @Jag#3108: Can't use it at all...
2016-08-14 17:37:21.180000 #swagchat @Kaylee#8413: use the other
2016-08-14 17:37:29.245000 #swagchat @mcole41#8188: 
2016-08-14 17:38:04.362000 #swagchat @NATHSTERS#9113: !song
2016-08-14 17:38:15.209000 #swagchat @NATHSTERS#9113: You made it to where it can't even talk in here FeelsBadMan
2016-08-14 17:38:19.710000 #swagchat @Jag#3108: Exactly
2016-08-14 17:38:27.049000 #swagchat @Jag#3108: I told her but she doesn't want it in here at all apparently
2016-08-14 17:38:39.599000 #swagchat @NATHSTERS#9113: Yeah punish jag not everyone LUUL
2016-08-14 17:38:57.037000 #swagchat @Kaylee#8413: yeah but yesterday the same shit happened lol
2016-08-14 17:39:05.340000 #swagchat @Kaylee#8413: just go to radio Kappa if you want to use it
2016-08-14 17:39:09.591000 #swagchat @Kaylee#8413: thats what the channel was made for
2016-08-14 17:39:21.360000 #swagchat @Kaylee#8413: or maybe, dont spam it \U0001f61b
2016-08-14 17:39:24.761000 #swagchat @Kaylee#8413: and i'll let it talk in here
2016-08-14 17:39:30.884000 #swagchat @Blaine#1011: Cmon Kaylee @ it with random shit <:kayyE:189003004823863296>
2016-08-14 17:39:42.136000 #swagchat @Jag#3108: Kaylee is a fun nazi
2016-08-14 17:39:44.277000 #swagchat @Jag#3108: She can't have fun here
2016-08-14 17:39:45.113000 #swagchat @Kaylee#8413: lol
2016-08-14 17:39:45.198000 #swagchat @mcole41#8188: Im laughing so fing hard
2016-08-14 17:39:46.123000 #swagchat @Jag#3108: Soz gais
2016-08-14 17:39:51.686000 #swagchat @Blaine#1011: 
2016-08-14 17:40:22.389000 #swagchat @mcole41#8188: RadioKappa is a funny idiot
