2016-08-14 04:06:38.265000 #radio-kappa @NATHSTERS#9113: !channellogger
2016-08-14 04:06:38.644000 #radio-kappa @RadioKappa#8541: Logging enabled for #radio-kappa
2016-08-14 04:06:40.560000 #radio-kappa @SiD3_WiND3R#2127: why are you adding a log
2016-08-14 04:07:35.345000 #radio-kappa @NATHSTERS#9113: for use
2016-08-14 04:07:49.025000 #radio-kappa @NATHSTERS#9113: if anyone starts shit
2016-08-14 04:07:50.557000 #radio-kappa @NATHSTERS#9113: ¯\_(\u30c4)_/¯
2016-08-14 04:08:08.101000 #radio-kappa @mcole41#8188: Whats loggingv
2016-08-14 04:08:10.173000 #radio-kappa @mcole41#8188: Nvm
2016-08-14 04:08:16.327000 #radio-kappa @NATHSTERS#9113: !cog install squid-plugins runescape
2016-08-14 04:08:16.657000 #radio-kappa @RadioKappa#8541: Message from Squid:

Hi there. I see you've loaded one of my cogs. Congratulations! I'm glad you've made it this far. If, throughout your journey, you happen to find any problems with any Squid cogs, please feel free to jump in my support server (link below). Also, if you really like my cogs and would like to contribute to further development, please consider becoming a patron for my owner (link also below). Thanks and have fun!

Support: <http://discord.me/Squid>
Patron: <https://www.patreon.com/tekulvw>
2016-08-14 04:08:16.678000 #radio-kappa @RadioKappa#8541: Installation completed. Load it now? (yes/no)
2016-08-14 04:08:18.407000 #radio-kappa @NATHSTERS#9113: yes
2016-08-14 04:08:20.186000 #radio-kappa @RadioKappa#8541: Module enabled.
2016-08-14 04:08:21.607000 #radio-kappa @NATHSTERS#9113: !runescape
2016-08-14 04:08:24.150000 #radio-kappa @NATHSTERS#9113: !rs
2016-08-14 04:08:27.657000 #radio-kappa @NATHSTERS#9113: ???
2016-08-14 04:08:36.396000 #radio-kappa @mcole41#8188: Runescapev
2016-08-14 04:08:37.751000 #radio-kappa @mcole41#8188: ?
2016-08-14 04:08:43.947000 #radio-kappa @NATHSTERS#9113: Kappa
2016-08-14 04:08:36.396000 #radio-kappa @mcole41#8188: EDIT: 
Before: Runescapev
After: Runescape?
2016-08-14 04:08:56.870000 #radio-kappa @SiD3_WiND3R#2127: are you serious <:kayyPls:189003006555979776>
2016-08-14 04:08:58.822000 #radio-kappa @SiD3_WiND3R#2127: lul
2016-08-14 04:09:03.693000 #radio-kappa @mcole41#8188: Nathan you play RS?
2016-08-14 04:09:23.454000 #radio-kappa @NATHSTERS#9113: Only just recently tried it
2016-08-14 04:09:25.426000 #radio-kappa @SiD3_WiND3R#2127: ice LUUL
2016-08-14 04:09:34.293000 #radio-kappa @NATHSTERS#9113: haven't gotten through turorial LUUL
2016-08-14 04:09:40.169000 #radio-kappa @SiD3_WiND3R#2127: LOL
2016-08-14 04:09:43.763000 #radio-kappa @NATHSTERS#9113: tutorial*
2016-08-14 04:09:49.141000 #radio-kappa @NATHSTERS#9113: dem kidz
2016-08-14 04:09:55.633000 #radio-kappa @mcole41#8188: Tutorial you do nothig want me to do it for you lul
2016-08-14 04:10:01.707000 #radio-kappa @NATHSTERS#9113: lol
2016-08-14 04:10:06.075000 #radio-kappa @SiD3_WiND3R#2127: !skip
2016-08-14 04:10:10.939000 #radio-kappa @NATHSTERS#9113: bad mitchie
2016-08-14 04:10:12.282000 #radio-kappa @SiD3_WiND3R#2127: FeelsBadMan
2016-08-14 04:10:12.275000 #radio-kappa @NATHSTERS#9113: !skip
2016-08-14 04:10:12.553000 #radio-kappa @RadioKappa#8541: Skipping...
2016-08-14 04:10:17.045000 #radio-kappa @NATHSTERS#9113: FeelsBadMan
2016-08-14 04:10:27.629000 #radio-kappa @SiD3_WiND3R#2127: Nathan just permit SiD3 Kapp
2016-08-14 04:10:29.144000 #radio-kappa @mcole41#8188: Sorry for Fing with the Song list
2016-08-14 04:10:33.870000 #radio-kappa @NATHSTERS#9113: bbqW
2016-08-14 04:10:37.796000 #radio-kappa @SiD3_WiND3R#2127: !skiiip
2016-08-14 04:10:39.575000 #radio-kappa @NATHSTERS#9113: wtf is this
2016-08-14 04:10:39.528000 #radio-kappa @SiD3_WiND3R#2127: SKIP
2016-08-14 04:10:41.214000 #radio-kappa @NATHSTERS#9113: !skip
2016-08-14 04:10:41.368000 #radio-kappa @RadioKappa#8541: Skipping...
2016-08-14 04:10:41.409000 #radio-kappa @SiD3_WiND3R#2127: SKIPPPP
2016-08-14 04:10:49.170000 #radio-kappa @SiD3_WiND3R#2127: !queue
2016-08-14 04:10:49.189000 #radio-kappa @RadioKappa#8541: Nothing queued on this server.
2016-08-14 04:10:53.358000 #radio-kappa @SiD3_WiND3R#2127: oh
2016-08-14 04:10:56.961000 #radio-kappa @SiD3_WiND3R#2127: !queue https://soundcloud.com/mrsuicidesheep/overwerk-create
2016-08-14 04:10:57.066000 #radio-kappa @RadioKappa#8541: Queued.
2016-08-14 04:10:56.961000 #radio-kappa @SiD3_WiND3R#2127: !queue https://soundcloud.com/mrsuicidesheep/overwerk-create
2016-08-14 04:10:58.345000 #radio-kappa @NATHSTERS#9113: !playlist mix wew
2016-08-14 04:10:58.695000 #radio-kappa @RadioKappa#8541: Playlist queued.
2016-08-14 04:11:00.923000 #radio-kappa @NATHSTERS#9113: oh
2016-08-14 04:11:03.340000 #radio-kappa @SiD3_WiND3R#2127: NO
2016-08-14 04:11:05.265000 #radio-kappa @SiD3_WiND3R#2127: RIP
2016-08-14 04:11:13.809000 #radio-kappa @NATHSTERS#9113: !play https://soundcloud.com/mrsuicidesheep/overwerk-create
2016-08-14 04:11:14.070000 #radio-kappa @RadioKappa#8541: Queued.
2016-08-14 04:11:16.162000 #radio-kappa @NATHSTERS#9113: !skip
2016-08-14 04:11:16.194000 #radio-kappa @RadioKappa#8541: Skipping...
2016-08-14 04:11:19.883000 #radio-kappa @NATHSTERS#9113: I got you
2016-08-14 04:11:22.621000 #radio-kappa @NATHSTERS#9113: good song too
2016-08-14 04:11:50.617000 #radio-kappa @mcole41#8188: !payday
2016-08-14 04:11:50.837000 #radio-kappa @RadioKappa#8541: @mcole41 Here, take some credits. Enjoy! (+120 credits!)
2016-08-14 04:11:52.813000 #radio-kappa @NATHSTERS#9113: !p role
2016-08-14 04:11:52.995000 #radio-kappa @RadioKappa#8541: ```
!p role

Role based permissions

Overrides channel based permissions

Commands:
  allow Explicitly allows [command/cog] to be used by [role] server wide
  reset Reset permissions of [role] on [command/cog] to the default
  deny  Explicitly denies [command/cog] usage by [role] server wide

Type !role command for more info on a command.
You can also type !role category for more info on a category.
```
2016-08-14 04:11:53.947000 #radio-kappa @mcole41#8188: !payday
2016-08-14 04:11:54.025000 #radio-kappa @RadioKappa#8541: @mcole41 Too soon. For your next payday you have to wait 1 minute, 57 seconds.
2016-08-14 04:11:57.332000 #radio-kappa @mcole41#8188: !payday
2016-08-14 04:11:57.636000 #radio-kappa @RadioKappa#8541: @mcole41 Too soon. For your next payday you have to wait 1 minute, 53 seconds.
2016-08-14 04:12:02.446000 #radio-kappa @mcole41#8188: !slot 120
2016-08-14 04:12:02.534000 #radio-kappa @RadioKappa#8541: :sunflower: :sunflower: :heart:
>:six: :six: :snowflake:
  :mushroom: :mushroom: :cherries:
@mcole41 Two symbols! Your bet is multiplied * 2! 240!
2016-08-14 04:12:02.537000 #radio-kappa @RadioKappa#8541: Current credits: 600
2016-08-14 04:12:09.868000 #radio-kappa @mcole41#8188: !leaderboard
2016-08-14 04:12:09.976000 #radio-kappa @RadioKappa#8541: ```py
1  Blaine             9510
2  Stoner_Minded      4620
3  White_Tiger86      1800
4  Pizzabutt          1656
5  Faking             1590
6  imgpw              1160
7  NATHSTERS           655
8  mcole41             600
9  GApproved           240
10 Casey \u2694\ufe0f            240
```
2016-08-14 04:12:11.682000 #radio-kappa @SiD3_WiND3R#2127: !queue soundcloud.com/geraldlefunkbootlegs/memories-gerald-le-funk-remix
2016-08-14 04:12:11.818000 #radio-kappa @RadioKappa#8541: Queued.
2016-08-14 04:12:13.030000 #radio-kappa @NATHSTERS#9113: !p allow SourPls DJs
2016-08-14 04:12:13.116000 #radio-kappa @RadioKappa#8541: ```
!p

Permissions manager

Commands:
  info    Gives current info about permissions on your server
  reset   Resets ALL permissions on this server
  lock    Globally locks a command from being used by anyone but owner
  unlock  Globally unlocks a command from being used by anyone but owner
  role    Role based permissions
  channel Channel based permissions

Type !p command for more info on a command.
You can also type !p category for more info on a category.
```
2016-08-14 04:12:23.461000 #radio-kappa @mcole41#8188: \U0001f633
2016-08-14 04:12:23.520000 #radio-kappa @NATHSTERS#9113: !p allow skip SourPls DJs
2016-08-14 04:12:23.986000 #radio-kappa @RadioKappa#8541: ```
!p

Permissions manager

Commands:
  info    Gives current info about permissions on your server
  reset   Resets ALL permissions on this server
  lock    Globally locks a command from being used by anyone but owner
  unlock  Globally unlocks a command from being used by anyone but owner
  role    Role based permissions
  channel Channel based permissions

Type !p command for more info on a command.
You can also type !p category for more info on a category.
```
2016-08-14 04:12:37.392000 #radio-kappa @NATHSTERS#9113: !p role allow skip SourPls DJs
2016-08-14 04:12:37.493000 #radio-kappa @RadioKappa#8541: Role SourPls DJs allowed use of skip.
2016-08-14 04:12:42.764000 #radio-kappa @NATHSTERS#9113: finally
2016-08-14 04:12:46.896000 #radio-kappa @SiD3_WiND3R#2127: OpieOP Suka
2016-08-14 04:12:46.896000 #radio-kappa @SiD3_WiND3R#2127: EDIT: 
Before: OpieOP Suka
After: OpieOP Cyka
2016-08-14 04:13:07.079000 #radio-kappa @mcole41#8188: Well maybe one day ill be able to skip again
2016-08-14 04:13:13.993000 #radio-kappa @mcole41#8188: Kappa
2016-08-14 04:13:17.772000 #radio-kappa @NATHSTERS#9113: lol
2016-08-14 04:13:20.042000 #radio-kappa @SiD3_WiND3R#2127: (ditto)
2016-08-14 04:13:48.222000 #radio-kappa @mcole41#8188: How long you been in this stream Nathan?
2016-08-14 04:13:55.066000 #radio-kappa @NATHSTERS#9113: !p role allow skip Meme Leader
2016-08-14 04:13:55.705000 #radio-kappa @RadioKappa#8541: Role Meme Leader allowed use of skip.
2016-08-14 04:13:57.261000 #radio-kappa @mcole41#8188: Like 5 years? Lol
2016-08-14 04:14:00.869000 #radio-kappa @NATHSTERS#9113: Probably a year now
2016-08-14 04:14:05.980000 #radio-kappa @mcole41#8188: Oh wow
2016-08-14 04:14:11.905000 #radio-kappa @NATHSTERS#9113: yeah I'm the baby mod
2016-08-14 04:14:28.752000 #radio-kappa @NATHSTERS#9113: the others have been here so much longer than me OpieOP
2016-08-14 04:14:38.107000 #radio-kappa @mcole41#8188: I litterally stopped watching like 25 streams cause of this one
2016-08-14 04:14:48.172000 #radio-kappa @mcole41#8188: I enjoy it alot
2016-08-14 04:14:49.177000 #radio-kappa @SiD3_WiND3R#2127: i first saw kay like august of last year i never really watched until about 6 months ago
2016-08-14 04:15:11.895000 #radio-kappa @mcole41#8188: I popped in alot but the last month ive watched alot more
2016-08-14 04:15:24.106000 #radio-kappa @mcole41#8188: She was out 2 weeks though so take that out last 2 weeks
2016-08-14 04:15:25.163000 #radio-kappa @SiD3_WiND3R#2127: i think i was watching davey and he raided her one stream and i followed
2016-08-14 04:15:43.432000 #radio-kappa @mcole41#8188: Found her stream May 31st
2016-08-14 04:15:52.399000 #radio-kappa @NATHSTERS#9113: I found her from the directory
2016-08-14 04:15:55.601000 #radio-kappa @NATHSTERS#9113: Fallout 3
2016-08-14 04:16:01.760000 #radio-kappa @NATHSTERS#9113: after my friend streamed
2016-08-14 04:16:02.571000 #radio-kappa @mcole41#8188: I found her from Ashhuhleyy
2016-08-14 04:16:08.227000 #radio-kappa @NATHSTERS#9113: ah nice \U0001f604
2016-08-14 04:16:21.476000 #radio-kappa @mcole41#8188: Yep i sub to Ash and Kay
2016-08-14 04:16:27.875000 #radio-kappa @SiD3_WiND3R#2127: SourPls
2016-08-14 04:16:33.416000 #radio-kappa @NATHSTERS#9113: SourPls
2016-08-14 04:16:35.611000 #radio-kappa @mcole41#8188: Probably gonna be it too
2016-08-14 04:16:53.871000 #radio-kappa @NATHSTERS#9113: i used to sub to a shit ton of people
2016-08-14 04:17:02.071000 #radio-kappa @NATHSTERS#9113: like
2016-08-14 04:17:06.049000 #radio-kappa @NATHSTERS#9113: stoner amount of people
2016-08-14 04:17:07.585000 #radio-kappa @mcole41#8188: I just want to invest in 1 or 2
2016-08-14 04:17:15.731000 #radio-kappa @SiD3_WiND3R#2127: !queue https://soundcloud.com/monstercat/eminence-alex-klingle-altitude
2016-08-14 04:17:16 #radio-kappa @RadioKappa#8541: Queued.
2016-08-14 04:17:15.731000 #radio-kappa @SiD3_WiND3R#2127: !queue https://soundcloud.com/monstercat/eminence-alex-klingle-altitude
2016-08-14 04:17:20.468000 #radio-kappa @NATHSTERS#9113: have 3
2016-08-14 04:17:22.371000 #radio-kappa @mcole41#8188: Maybe 1 more depends
2016-08-14 04:17:29.573000 #radio-kappa @NATHSTERS#9113: kaylee, geersart, and lirik
2016-08-14 04:17:41.405000 #radio-kappa @mcole41#8188: You have 3
2016-08-14 04:17:49.344000 #radio-kappa @mcole41#8188: Oh duh
2016-08-14 04:17:58.595000 #radio-kappa @SiD3_WiND3R#2127: !queue soundcloud.com/adaramusic/open-eyes
2016-08-14 04:17:58.808000 #radio-kappa @RadioKappa#8541: Queued.
2016-08-14 04:18:26.860000 #radio-kappa @mcole41#8188: I enjoy Kay's stream tbh i can't exactly play with her but i care more about the content being played then anything else
2016-08-14 04:18:44.576000 #radio-kappa @NATHSTERS#9113: I think discord should add like a little online/offline thing when you click on people's names
2016-08-14 04:18:55.204000 #radio-kappa @mcole41#8188: Agree
2016-08-14 04:19:22.914000 #radio-kappa @NATHSTERS#9113: pretty cool song
2016-08-14 04:19:27.919000 #radio-kappa @mcole41#8188: Maybe next summer ill gather money to get a gaming PC
2016-08-14 04:19:28.884000 #radio-kappa @SiD3_WiND3R#2127: !song
2016-08-14 04:19:28.978000 #radio-kappa @RadioKappa#8541: **Title:** KSHMR & BASSJACKERS Feat. SIRAH - Memories (Gerald Le Funk Remix)
**Uploader:** GeraldLeFunk²
**Duration:** 5:5

<http://soundcloud.com/geraldlefunkbootlegs/memories-gerald-le-funk-remix>
2016-08-14 04:19:31.554000 #radio-kappa @SiD3_WiND3R#2127: SourPls
2016-08-14 04:19:36.887000 #radio-kappa @NATHSTERS#9113: doesn't take too much
2016-08-14 04:19:43.883000 #radio-kappa @NATHSTERS#9113: about 400-600 will get you set
2016-08-14 04:19:48.341000 #radio-kappa @mcole41#8188: Exactly gonna life guard next summer
2016-08-14 04:20:04.627000 #radio-kappa @mcole41#8188: Ill make 250-300 every 2 weeks or so
2016-08-14 04:20:15.592000 #radio-kappa @mcole41#8188: Well maybe more
2016-08-14 04:20:24.083000 #radio-kappa @mcole41#8188: Its 10$ hourly at start
2016-08-14 04:20:36.207000 #radio-kappa @mcole41#8188: It might be 40 hr/ wk
2016-08-14 04:20:46.924000 #radio-kappa @mcole41#8188: So 800 every 2w?
2016-08-14 04:20:50.467000 #radio-kappa @mcole41#8188: Sang
2016-08-14 04:20:50.467000 #radio-kappa @mcole41#8188: EDIT: 
Before: Sang
After: Dang
2016-08-14 04:21:04.443000 #radio-kappa @NATHSTERS#9113: Not bad
2016-08-14 04:21:12.308000 #radio-kappa @mcole41#8188: 2 weeks i got my pc
2016-08-14 04:21:13.399000 #radio-kappa @mcole41#8188: Lol
2016-08-14 04:21:42.922000 #radio-kappa @SiD3_WiND3R#2127: unenmploed atm cuz school and fb but gonna look after the season around winter time for somthing i can do after school
2016-08-14 04:21:58.330000 #radio-kappa @NATHSTERS#9113: do you have a gpu in your pc side?
2016-08-14 04:22:12.048000 #radio-kappa @NATHSTERS#9113: or just intel/amd shitties
2016-08-14 04:22:20.658000 #radio-kappa @mcole41#8188: Who?
2016-08-14 04:22:22.723000 #radio-kappa @SiD3_WiND3R#2127: laptop
2016-08-14 04:22:26.265000 #radio-kappa @NATHSTERS#9113: ooo
2016-08-14 04:22:35.652000 #radio-kappa @SiD3_WiND3R#2127: this is my pc build im working for http://pcpartpicker.com/list/vFXJf8
2016-08-14 04:22:35.652000 #radio-kappa @SiD3_WiND3R#2127: this is my pc build im working for http://pcpartpicker.com/list/vFXJf8
2016-08-14 04:22:36.571000 #radio-kappa @mcole41#8188: I wonder if my laptop could handle something like OW
2016-08-14 04:22:44.893000 #radio-kappa @mcole41#8188: or dead by daylight
2016-08-14 04:22:55.949000 #radio-kappa @SiD3_WiND3R#2127: depends on what your specs are mcole
2016-08-14 04:23:08.200000 #radio-kappa @mcole41#8188: True
2016-08-14 04:23:15.042000 #radio-kappa @mcole41#8188: Im not entirely sure anymore
2016-08-14 04:23:22.662000 #radio-kappa @mcole41#8188: I had good RAM
2016-08-14 04:23:26.079000 #radio-kappa @NATHSTERS#9113: Would be get more for a desktop and would last longer
2016-08-14 04:23:28.372000 #radio-kappa @mcole41#8188: 1TB
2016-08-14 04:23:28.390000 #radio-kappa @NATHSTERS#9113: because of cooling
2016-08-14 04:23:37.770000 #radio-kappa @mcole41#8188: True
2016-08-14 04:24:55.454000 #radio-kappa @mcole41#8188: Just saying you people are really cool and chill
2016-08-14 04:25:09.814000 #radio-kappa @mcole41#8188: I don't regret subbing to Kay js
2016-08-14 04:25:14.845000 #radio-kappa @NATHSTERS#9113: hahahah
2016-08-14 04:25:17.238000 #radio-kappa @NATHSTERS#9113: i would hope not
2016-08-14 04:25:28.614000 #radio-kappa @mcole41#8188: Worth every Penny
2016-08-14 04:25:31.568000 #radio-kappa @mcole41#8188: Lol
2016-08-14 04:26:09.450000 #radio-kappa @SiD3_WiND3R#2127: ill brb nathan put on a playlist after this song im done listening switching to mobile
2016-08-14 04:26:23.891000 #radio-kappa @NATHSTERS#9113: !queue
2016-08-14 04:26:24.299000 #radio-kappa @RadioKappa#8541: Gathering information...
2016-08-14 04:26:26.320000 #radio-kappa @RadioKappa#8541: ***Now playing:***
Eminence & Alex Klingle - Altitude (feat. Danyka Nadeau)

***Next up:***
1. Open Eyes
2. Feint - No Chance
3. Feed Me - Lonely Mountain
4. LSB - About Tonight
5. Jun Kuroda - Mirage (Album: Mirage)
2016-08-14 04:26:31.864000 #radio-kappa @NATHSTERS#9113: It's good SeemsGood
2016-08-14 04:26:36.335000 #radio-kappa @SiD3_WiND3R#2127: oh ok
2016-08-14 04:26:56.090000 #radio-kappa @mcole41#8188: So 7 hour strim tomorrow
2016-08-14 04:26:58.951000 #radio-kappa @mcole41#8188: Lol
2016-08-14 04:27:10.189000 #radio-kappa @mcole41#8188: Gonna stay whole stream
2016-08-14 04:27:35.345000 #radio-kappa @NATHSTERS#9113: sweet \U0001f604
2016-08-14 04:27:49.213000 #radio-kappa @mcole41#8188: Is your name on twitch same as on here
2016-08-14 04:28:04.758000 #radio-kappa @NATHSTERS#9113: No it's nathsters
2016-08-14 04:28:07.471000 #radio-kappa @NATHSTERS#9113: in caps
2016-08-14 04:28:18.247000 #radio-kappa @mcole41#8188: Ahhh ok
2016-08-14 04:28:23.527000 #radio-kappa @NATHSTERS#9113: http://i.imgur.com/5rGIuf3.png like that
2016-08-14 04:28:23.527000 #radio-kappa @NATHSTERS#9113: http://i.imgur.com/5rGIuf3.png like that
2016-08-14 04:28:25.862000 #radio-kappa @mcole41#8188: You stream too?
2016-08-14 04:28:30.517000 #radio-kappa @NATHSTERS#9113: eh sometimes
2016-08-14 04:28:48.813000 #radio-kappa @NATHSTERS#9113: streamed doom sometime ago but they're really sporadic haha
2016-08-14 04:28:55.470000 #radio-kappa @mcole41#8188: \U0001f633
2016-08-14 04:28:55.470000 #radio-kappa @mcole41#8188: EDIT: 
Before: \U0001f633
After: \U0001f602
2016-08-14 04:29:28.441000 #radio-kappa @mcole41#8188: That was actually funny when that changed
2016-08-14 04:31:01.163000 #radio-kappa @mcole41#8188: Tbh don't think ive met a single person in this discord channel that isn't chill
2016-08-14 04:31:16.422000 #radio-kappa @mcole41#8188: Well except for Mr. Attention
2016-08-14 04:31:58.863000 #radio-kappa @NATHSTERS#9113: hahaha
2016-08-14 04:32:49.992000 #radio-kappa @mcole41#8188: Im gonna move to swag chat
2016-08-14 04:42:13.775000 #radio-kappa @NATHSTERS#9113: !queue https://youtu.be/HQnC1UHBvWA
2016-08-14 04:42:13.775000 #radio-kappa @NATHSTERS#9113: !queue https://youtu.be/HQnC1UHBvWA
2016-08-14 04:42:14.186000 #radio-kappa @RadioKappa#8541: Queued.
2016-08-14 07:59:10.212000 #radio-kappa @Casey \u2694\ufe0f#8823: !payday
2016-08-14 07:59:10.518000 #radio-kappa @RadioKappa#8541: @Casey \u2694\ufe0f Here, take some credits. Enjoy! (+120 credits!)
2016-08-14 07:59:24.742000 #radio-kappa @Casey \u2694\ufe0f#8823: !slots 100
2016-08-14 07:59:34.670000 #radio-kappa @Casey \u2694\ufe0f#8823: !slot 100
2016-08-14 07:59:34.719000 #radio-kappa @RadioKappa#8541: :snowflake: :four_leaf_clover: :cookie:
>:cherries: :cyclone: :two:
  :cookie: :sunflower: :four_leaf_clover:
@Casey \u2694\ufe0f Nothing! Lost bet.
2016-08-14 07:59:34.888000 #radio-kappa @RadioKappa#8541: Credits left: 260
2016-08-14 07:59:48.521000 #radio-kappa @Casey \u2694\ufe0f#8823: !slot 260
2016-08-14 07:59:48.655000 #radio-kappa @RadioKappa#8541: :two: :four_leaf_clover: :cookie:
>:four_leaf_clover: :cyclone: :two:
  :cyclone: :sunflower: :four_leaf_clover:
@Casey \u2694\ufe0f Nothing! Lost bet.
2016-08-14 07:59:48.748000 #radio-kappa @RadioKappa#8541: Credits left: 0
2016-08-14 11:04:50.134000 #radio-kappa @White_Tiger86#0674: !payday
2016-08-14 11:04:50.497000 #radio-kappa @RadioKappa#8541: @White_Tiger86 Here, take some credits. Enjoy! (+120 credits!)
2016-08-14 11:24:20.416000 #radio-kappa @White_Tiger86#0674: !payday
2016-08-14 11:24:20.730000 #radio-kappa @RadioKappa#8541: @White_Tiger86 Here, take some credits. Enjoy! (+120 credits!)
2016-08-14 11:26:05.078000 #radio-kappa @Blaine#1011: !payday
2016-08-14 11:26:05.382000 #radio-kappa @RadioKappa#8541: @Blaine Here, take some credits. Enjoy! (+120 credits!)
2016-08-14 11:29:05.181000 #radio-kappa @White_Tiger86#0674: !payday
2016-08-14 11:29:05.431000 #radio-kappa @RadioKappa#8541: @White_Tiger86 Here, take some credits. Enjoy! (+120 credits!)
2016-08-14 11:39:30.100000 #radio-kappa @Blaine#1011: !payday
2016-08-14 11:39:30.369000 #radio-kappa @RadioKappa#8541: @Blaine Here, take some credits. Enjoy! (+120 credits!)
2016-08-14 11:40:20.253000 #radio-kappa @Blaine#1011: Man I remember this song haHAA
2016-08-14 11:40:47.297000 #radio-kappa @White_Tiger86#0674: !payday
2016-08-14 11:40:47.562000 #radio-kappa @RadioKappa#8541: @White_Tiger86 Here, take some credits. Enjoy! (+120 credits!)
2016-08-14 11:41:32.949000 #radio-kappa @Blaine#1011: !queue https://youtu.be/ILN7hG4kUFg
2016-08-14 11:41:32.949000 #radio-kappa @Blaine#1011: !queue https://youtu.be/ILN7hG4kUFg
2016-08-14 11:41:33.261000 #radio-kappa @RadioKappa#8541: Queued.
2016-08-14 11:41:38.192000 #radio-kappa @Blaine#1011: KKool
2016-08-14 11:43:51.745000 #radio-kappa @Blaine#1011: !payday
2016-08-14 11:43:52.017000 #radio-kappa @RadioKappa#8541: @Blaine Here, take some credits. Enjoy! (+120 credits!)
2016-08-14 11:45:15.887000 #radio-kappa @Blaine#1011: !playlist list
2016-08-14 11:45:16.187000 #radio-kappa @RadioKappa#8541: Available playlists:
```xl
House, C418One, transistor, Kayplebify, Mau5, Sheeply, Gocnak, theOtherMau5, monstercat, Wubwub, Lirik, 50rock, EdenNRelated, wew, DnB, neo_scavenger, future_bass, Vexillology```
2016-08-14 11:45:58.034000 #radio-kappa @Blaine#1011: !song
2016-08-14 11:45:58.452000 #radio-kappa @RadioKappa#8541: **Title:** noclip - World-01
**Uploader:** Inversic
**Views:** 8918
**Duration:** 3:47

<https://www.youtube.com/watch?v=MSHubnsFN8Y>
2016-08-14 11:47:12.207000 #radio-kappa @Blaine#1011: !playlist queue Gocnak
2016-08-14 11:47:12.532000 #radio-kappa @RadioKappa#8541: Queued.
2016-08-14 11:47:40.567000 #radio-kappa @Blaine#1011: !payday
2016-08-14 11:47:40.756000 #radio-kappa @RadioKappa#8541: @Blaine Here, take some credits. Enjoy! (+120 credits!)
2016-08-14 11:47:42.120000 #radio-kappa @White_Tiger86#0674: !payday
2016-08-14 11:47:42.231000 #radio-kappa @RadioKappa#8541: @White_Tiger86 Here, take some credits. Enjoy! (+120 credits!)
2016-08-14 11:49:49.271000 #radio-kappa @Blaine#1011: !playlist queue transistor
2016-08-14 11:49:49.600000 #radio-kappa @RadioKappa#8541: Queued.
2016-08-14 11:50:04.095000 #radio-kappa @Blaine#1011: Where the calm one we had yesterday casTBH
2016-08-14 11:50:04.095000 #radio-kappa @Blaine#1011: EDIT: 
Before: Where the calm one we had yesterday casTBH
After: Where's the calm one we had yesterday casTBH
2016-08-14 11:50:49.057000 #radio-kappa @White_Tiger86#0674: !payday
2016-08-14 11:50:49.309000 #radio-kappa @RadioKappa#8541: @White_Tiger86 Here, take some credits. Enjoy! (+120 credits!)
2016-08-14 11:57:41.303000 #radio-kappa @White_Tiger86#0674: !payday
2016-08-14 11:57:41.611000 #radio-kappa @RadioKappa#8541: @White_Tiger86 Here, take some credits. Enjoy! (+120 credits!)
2016-08-14 11:57:58.960000 #radio-kappa @Blaine#1011: !payday
2016-08-14 11:57:59.024000 #radio-kappa @RadioKappa#8541: @Blaine Here, take some credits. Enjoy! (+120 credits!)
2016-08-14 11:58:07.314000 #radio-kappa @Blaine#1011: !playlist list
2016-08-14 11:58:07.458000 #radio-kappa @RadioKappa#8541: Available playlists:
```xl
House, C418One, transistor, Kayplebify, Mau5, Sheeply, Gocnak, theOtherMau5, monstercat, Wubwub, Lirik, 50rock, EdenNRelated, wew, DnB, neo_scavenger, future_bass, Vexillology```
2016-08-14 11:58:19.950000 #radio-kappa @Blaine#1011: !playlist queue Vexillology
2016-08-14 11:58:20.105000 #radio-kappa @RadioKappa#8541: Queued.
2016-08-14 11:58:26.441000 #radio-kappa @Blaine#1011: What's this <:kayySponge:189002997353676800>
2016-08-14 12:12:31.503000 #radio-kappa @Blaine#1011: !payday
2016-08-14 12:12:31.809000 #radio-kappa @RadioKappa#8541: @Blaine Here, take some credits. Enjoy! (+120 credits!)
2016-08-14 12:13:56.642000 #radio-kappa @White_Tiger86#0674: !payday
2016-08-14 12:13:56.939000 #radio-kappa @RadioKappa#8541: @White_Tiger86 Here, take some credits. Enjoy! (+120 credits!)
2016-08-14 12:14:06.304000 #radio-kappa @White_Tiger86#0674: !leaderboard
2016-08-14 12:14:06.435000 #radio-kappa @RadioKappa#8541: ```py
1  Blaine            10230
2  Stoner_Minded      4620
3  White_Tiger86      2760
4  Pizzabutt          1656
5  Faking             1590
6  imgpw              1160
7  NATHSTERS           655
8  mcole41             600
9  GApproved           240
10 QU35T               165
```
2016-08-14 12:25:17.248000 #radio-kappa @Blaine#1011: KILL IT
2016-08-14 12:25:19.950000 #radio-kappa @Blaine#1011: FUCKING WEEBS
2016-08-14 12:25:33.875000 #radio-kappa @Blaine#1011: FUCK THIS SHIT
2016-08-14 12:25:56.500000 #radio-kappa @Blaine#1011: !queue ram ranch
2016-08-14 12:25:56.782000 #radio-kappa @RadioKappa#8541: Queued.
2016-08-14 12:26:00.075000 #radio-kappa @Blaine#1011: I need to fix that
2016-08-14 12:26:02.965000 #radio-kappa @Blaine#1011: Fucking webs
2016-08-14 12:26:04.453000 #radio-kappa @Blaine#1011: Weebs
2016-08-14 12:26:13.193000 #radio-kappa @Blaine#1011: !playlist list
2016-08-14 12:26:13.300000 #radio-kappa @RadioKappa#8541: Available playlists:
```xl
House, C418One, transistor, Kayplebify, Mau5, Sheeply, Gocnak, theOtherMau5, monstercat, Wubwub, Lirik, 50rock, EdenNRelated, wew, DnB, neo_scavenger, future_bass, Vexillology```
2016-08-14 12:26:29.433000 #radio-kappa @Blaine#1011: !queue Lirik
2016-08-14 12:26:29.643000 #radio-kappa @RadioKappa#8541: Queued.
2016-08-14 12:26:36.635000 #radio-kappa @Blaine#1011: Fuck
2016-08-14 12:26:45.928000 #radio-kappa @Blaine#1011: !playlist queue lirik
2016-08-14 12:26:46.037000 #radio-kappa @RadioKappa#8541: Queued.
2016-08-14 12:26:47.658000 #radio-kappa @Blaine#1011: !queue
2016-08-14 12:26:47.892000 #radio-kappa @RadioKappa#8541: Gathering information...
2016-08-14 12:26:52.016000 #radio-kappa @RadioKappa#8541: ***Now playing:***
en;dolphin records - \u98a8\u9234\u3068\u5fc3\u914d\u6027 (Album: \u590f\u3068\u539f\u7a3f\u7528\u7d19)

***Next up:***
1. Ram Ranch
2. LIRIK Super FUNNY moments #1
3. Centron - Mix This Feeling (feat. Karl-Kristjan)
4. Aruna - The End (WRLD Remix)
5. Kontinuum - Aware
2016-08-14 12:26:57.370000 #radio-kappa @Blaine#1011: Lirik haHAA
2016-08-14 12:27:48.598000 #radio-kappa @Blaine#1011: !song
2016-08-14 12:27:48.762000 #radio-kappa @RadioKappa#8541: **Title:** en;dolphin records - \u98a8\u9234\u3068\u5fc3\u914d\u6027 (Album: \u590f\u3068\u539f\u7a3f\u7528\u7d19)
**Uploader:** Elegant Sister (ES)
**Views:** 5538
**Duration:** 5:5

<https://www.youtube.com/watch?v=FxBcrPidfVM>
2016-08-14 12:27:58.166000 #radio-kappa @Blaine#1011: Blacklist this casTBH
2016-08-14 12:31:40.687000 #radio-kappa @Blaine#1011: !payday
2016-08-14 12:31:41.008000 #radio-kappa @RadioKappa#8541: @Blaine Here, take some credits. Enjoy! (+120 credits!)
2016-08-14 12:31:44.774000 #radio-kappa @Blaine#1011: OUT IN THE YERD
2016-08-14 12:31:47.078000 #radio-kappa @Blaine#1011: gach
2016-08-14 12:31:55.137000 #radio-kappa @Blaine#1011: gachiGASM
2016-08-14 12:49:37.027000 #radio-kappa @NATHSTERS#9113: !song @DJ Nathswell2K17
2016-08-14 12:49:37.320000 #radio-kappa @RadioKappa#8541: **Title:** The M Machine - Superflat
**Uploader:** Tasty
**Views:** 156769
**Duration:** 5:47

<https://www.youtube.com/watch?v=tY-GSImnFZk>
2016-08-14 12:52:48.216000 #radio-kappa @NATHSTERS#9113: !runescape
2016-08-14 12:54:17.346000 #radio-kappa @NATHSTERS#9113: when people don't say how to use something they made
2016-08-14 12:54:19.225000 #radio-kappa @NATHSTERS#9113: D:
2016-08-14 12:54:44.121000 #radio-kappa @NATHSTERS#9113: !setup
